2023-01-25; 12:35:59.117; [info]; bitcoin; https://btc.getblock.io/2e50183d-4f7d-4bd4-809b-17a61b87fd11/mainnet/; Available - 0/15 blocks behind, 99.99966795702403% complete 
2023-01-25; 12:36:03.803; [error]; ethereum; https://eth.llamarpc.com; Available - Fully synchronized 
2023-01-25; 12:36:04.836; [info]; ethereum; https://eth.getblock.io/2e50183d-4f7d-4bd4-809b-17a61b87fd11/mainnet/; Available - Fully synchronized 
2023-01-25; 12:36:05.340; [info]; bitcoin; https://btc.getblock.io/2e50183d-4f7d-4bd4-809b-17a61b87fd11/mainnet/; Available - 0/15 blocks behind, 99.99966578681577% complete 
2023-01-25; 12:36:05.842; [info]; ethereum; https://eth.llamarpc.com; Available - Fully synchronized 
2023-01-25; 12:36:07.883; [info]; ethereum; https://eth.llamarpc.com; Available - Fully synchronized 
2023-01-25; 12:36:07.992; [info]; ethereum; https://eth.getblock.io/2e50183d-4f7d-4bd4-809b-17a61b87fd11/mainnet/; Available - Fully synchronized 
2023-01-25; 12:36:10.927; [info]; ethereum; https://eth.llamarpc.com; Available - Fully synchronized 
2023-01-25; 12:36:12.546; [info]; bitcoin; https://btc.getblock.io/2e50183d-4f7d-4bd4-809b-17a61b87fd11/mainnet/; Available - 0/15 blocks behind, 99.99966325490622% complete 
2023-01-25; 12:36:13.090; [info]; ethereum; https://eth.getblock.io/2e50183d-4f7d-4bd4-809b-17a61b87fd11/mainnet/; Available - Fully synchronized 
2023-01-25; 12:36:14.800; [info]; bitcoin; https://btc.getblock.io/2e50183d-4f7d-4bd4-809b-17a61b87fd11/mainnet/; Available - 0/15 blocks behind, 99.99966253150352% complete 
2023-01-25; 12:36:15.243; [info]; ethereum; https://eth.getblock.io/2e50183d-4f7d-4bd4-809b-17a61b87fd11/mainnet/; Available - Fully synchronized 
2023-01-25; 12:36:18.342; [info]; ethereum; https://eth.getblock.io/2e50183d-4f7d-4bd4-809b-17a61b87fd11/mainnet/; Available - Fully synchronized 
2023-01-25; 12:36:20.493; [info]; ethereum; https://eth.getblock.io/2e50183d-4f7d-4bd4-809b-17a61b87fd11/mainnet/; Available - Fully synchronized 
2023-01-25; 12:36:20.966; [info]; ethereum; https://eth.llamarpc.com; Available - Fully synchronized 
2023-01-25; 12:36:21.006; [info]; bitcoin; https://btc.getblock.io/2e50183d-4f7d-4bd4-809b-17a61b87fd11/mainnet/; Available - 0/15 blocks behind, 99.99966036129548% complete 
2023-01-25; 12:36:25.597; [info]; ethereum; https://eth.getblock.io/2e50183d-4f7d-4bd4-809b-17a61b87fd11/mainnet/; Available - Fully synchronized 
2023-01-25; 12:36:26.025; [info]; ethereum; https://eth.llamarpc.com; Available - Fully synchronized 
2023-01-25; 12:36:27.694; [info]; ethereum; https://eth.getblock.io/2e50183d-4f7d-4bd4-809b-17a61b87fd11/mainnet/; Available - Fully synchronized 
2023-01-25; 12:36:31.270; [info]; bitcoin; https://btc.getblock.io/2e50183d-4f7d-4bd4-809b-17a61b87fd11/mainnet/; Available - 0/15 blocks behind, 99.99965638258098% complete 
2023-01-25; 12:36:33.795; [info]; ethereum; https://eth.getblock.io/2e50183d-4f7d-4bd4-809b-17a61b87fd11/mainnet/; Available - Fully synchronized 
2023-01-25; 12:36:34.068; [info]; ethereum; https://eth.llamarpc.com; Available - Fully synchronized 
2023-01-25; 12:36:40.111; [info]; ethereum; https://eth.llamarpc.com; Available - Fully synchronized 
2023-01-25; 12:36:41.523; [info]; bitcoin; https://btc.getblock.io/2e50183d-4f7d-4bd4-809b-17a61b87fd11/mainnet/; Available - 0/15 blocks behind, 99.99965276556807% complete 
2023-01-25; 12:36:41.896; [info]; ethereum; https://eth.getblock.io/2e50183d-4f7d-4bd4-809b-17a61b87fd11/mainnet/; Available - Fully synchronized 
2023-01-25; 12:36:46.053; [info]; ethereum; https://eth.getblock.io/2e50183d-4f7d-4bd4-809b-17a61b87fd11/mainnet/; Available - Fully synchronized 
2023-01-25; 12:36:48.151; [info]; ethereum; https://eth.llamarpc.com; Available - Fully synchronized 
2023-01-25; 12:36:50.190; [info]; ethereum; https://eth.llamarpc.com; Available - Fully synchronized 
2023-01-25; 12:36:50.780; [info]; bitcoin; https://btc.getblock.io/2e50183d-4f7d-4bd4-809b-17a61b87fd11/mainnet/; Available - 0/15 blocks behind, 99.99964951025669% complete 
2023-01-25; 12:36:55.161; [info]; ethereum; https://eth.getblock.io/2e50183d-4f7d-4bd4-809b-17a61b87fd11/mainnet/; Available - Fully synchronized 
2023-01-25; 12:36:56.975; [info]; bitcoin; https://btc.getblock.io/2e50183d-4f7d-4bd4-809b-17a61b87fd11/mainnet/; Available - 0/15 blocks behind, 99.99964734004921% complete 
2023-01-25; 12:36:58.232; [info]; ethereum; https://eth.llamarpc.com; Available - Fully synchronized 
2023-01-25; 12:37:00.230; [info]; bitcoin; https://btc.getblock.io/2e50183d-4f7d-4bd4-809b-17a61b87fd11/mainnet/; Available - 0/15 blocks behind, 99.99964589324429% complete 
2023-01-25; 12:37:01.267; [info]; ethereum; https://eth.getblock.io/2e50183d-4f7d-4bd4-809b-17a61b87fd11/mainnet/; Available - Fully synchronized 
2023-01-25; 12:37:01.437; [info]; bitcoin; https://btc.getblock.io/2e50183d-4f7d-4bd4-809b-17a61b87fd11/mainnet/; Available - 0/15 blocks behind, 99.99964553154305% complete 
2023-01-25; 12:37:07.279; [info]; ethereum; https://eth.llamarpc.com; Available - Fully synchronized 
2023-01-25; 12:37:07.368; [info]; ethereum; https://eth.getblock.io/2e50183d-4f7d-4bd4-809b-17a61b87fd11/mainnet/; Available - Fully synchronized 
2023-01-25; 12:37:09.469; [info]; ethereum; https://eth.getblock.io/2e50183d-4f7d-4bd4-809b-17a61b87fd11/mainnet/; Available - Fully synchronized 
2023-01-25; 12:37:09.637; [info]; bitcoin; https://btc.getblock.io/2e50183d-4f7d-4bd4-809b-17a61b87fd11/mainnet/; Available - 0/15 blocks behind, 99.99964263793335% complete 
2023-01-25; 12:37:12.332; [info]; ethereum; https://eth.llamarpc.com; Available - Fully synchronized 
2023-01-25; 12:37:12.843; [info]; bitcoin; https://btc.getblock.io/2e50183d-4f7d-4bd4-809b-17a61b87fd11/mainnet/; Available - 0/15 blocks behind, 99.99964155282974% complete 
2023-01-25; 12:37:18.095; [info]; bitcoin; https://btc.getblock.io/2e50183d-4f7d-4bd4-809b-17a61b87fd11/mainnet/; Available - 0/15 blocks behind, 99.99963938262262% complete 
2023-01-25; 12:37:18.383; [info]; ethereum; https://eth.llamarpc.com; Available - Fully synchronized 
2023-01-25; 12:37:19.578; [info]; ethereum; https://eth.getblock.io/2e50183d-4f7d-4bd4-809b-17a61b87fd11/mainnet/; Available - Fully synchronized 
2023-01-25; 12:37:25.424; [info]; ethereum; https://eth.llamarpc.com; Available - Fully synchronized 
2023-01-25; 12:37:27.349; [info]; bitcoin; https://btc.getblock.io/2e50183d-4f7d-4bd4-809b-17a61b87fd11/mainnet/; Available - 0/15 blocks behind, 99.9996361273121% complete 
2023-01-25; 12:37:27.463; [info]; ethereum; https://eth.llamarpc.com; Available - Fully synchronized 
2023-01-25; 12:37:28.738; [info]; ethereum; https://eth.getblock.io/2e50183d-4f7d-4bd4-809b-17a61b87fd11/mainnet/; Available - Fully synchronized 
2023-01-25; 12:37:29.678; [info]; bitcoin; https://btc.getblock.io/2e50183d-4f7d-4bd4-809b-17a61b87fd11/mainnet/; Available - 0/15 blocks behind, 99.99963540390978% complete 
2023-01-25; 12:37:31.933; [info]; bitcoin; https://btc.getblock.io/2e50183d-4f7d-4bd4-809b-17a61b87fd11/mainnet/; Available - 0/15 blocks behind, 99.99963468050748% complete 
2023-01-25; 12:37:36.178; [info]; bitcoin; https://btc.getblock.io/2e50183d-4f7d-4bd4-809b-17a61b87fd11/mainnet/; Available - 0/15 blocks behind, 99.99963287200178% complete 
2023-01-25; 12:37:36.500; [info]; ethereum; https://eth.llamarpc.com; Available - Fully synchronized 
2023-01-25; 12:37:37.838; [info]; ethereum; https://eth.getblock.io/2e50183d-4f7d-4bd4-809b-17a61b87fd11/mainnet/; Available - Fully synchronized 
2023-01-25; 12:37:40.545; [info]; ethereum; https://eth.llamarpc.com; Available - Fully synchronized 
2023-01-25; 12:37:42.581; [info]; ethereum; https://eth.llamarpc.com; Available - Fully synchronized 
2023-01-25; 12:37:43.429; [info]; bitcoin; https://btc.getblock.io/2e50183d-4f7d-4bd4-809b-17a61b87fd11/mainnet/; Available - 0/15 blocks behind, 99.99963034009392% complete 
2023-01-25; 12:37:44.935; [info]; ethereum; https://eth.getblock.io/2e50183d-4f7d-4bd4-809b-17a61b87fd11/mainnet/; Available - Fully synchronized 
2023-01-25; 12:37:47.035; [info]; ethereum; https://eth.getblock.io/2e50183d-4f7d-4bd4-809b-17a61b87fd11/mainnet/; Available - Fully synchronized 
2023-01-25; 12:37:49.620; [info]; ethereum; https://eth.llamarpc.com; Available - Fully synchronized 
2023-01-25; 12:37:50.137; [info]; ethereum; https://eth.getblock.io/2e50183d-4f7d-4bd4-809b-17a61b87fd11/mainnet/; Available - Fully synchronized 
2023-01-25; 12:37:51.628; [info]; bitcoin; https://btc.getblock.io/2e50183d-4f7d-4bd4-809b-17a61b87fd11/mainnet/; Available - 0/15 blocks behind, 99.99962744648508% complete 
2023-01-25; 12:37:52.659; [info]; ethereum; https://eth.llamarpc.com; Available - Fully synchronized 
2023-01-25; 12:37:53.298; [info]; ethereum; https://eth.getblock.io/2e50183d-4f7d-4bd4-809b-17a61b87fd11/mainnet/; Available - Fully synchronized 
2023-01-25; 12:37:55.698; [info]; ethereum; https://eth.llamarpc.com; Available - Fully synchronized 
2023-01-25; 12:38:00.827; [info]; bitcoin; https://btc.getblock.io/2e50183d-4f7d-4bd4-809b-17a61b87fd11/mainnet/; Available - 0/15 blocks behind, 99.99962419117534% complete 
2023-01-25; 12:38:02.398; [info]; ethereum; https://eth.getblock.io/2e50183d-4f7d-4bd4-809b-17a61b87fd11/mainnet/; Available - Fully synchronized 
2023-01-25; 12:38:03.015; [info]; bitcoin; https://btc.getblock.io/2e50183d-4f7d-4bd4-809b-17a61b87fd11/mainnet/; Available - 0/15 blocks behind, 99.99962310607214% complete 
2023-01-25; 12:38:03.738; [info]; ethereum; https://eth.llamarpc.com; Available - Fully synchronized 
2023-01-25; 12:38:06.205; [info]; bitcoin; https://btc.getblock.io/2e50183d-4f7d-4bd4-809b-17a61b87fd11/mainnet/; Available - 0/15 blocks behind, 99.99962202096897% complete 
2023-01-25; 12:38:07.403; [info]; bitcoin; https://btc.getblock.io/2e50183d-4f7d-4bd4-809b-17a61b87fd11/mainnet/; Available - 0/15 blocks behind, 99.99962165926792% complete 
2023-01-25; 12:38:08.604; [info]; bitcoin; https://btc.getblock.io/2e50183d-4f7d-4bd4-809b-17a61b87fd11/mainnet/; Available - 0/15 blocks behind, 99.99962129756685% complete 
2023-01-25; 12:38:10.792; [info]; ethereum; https://eth.llamarpc.com; Available - Fully synchronized 
2023-01-25; 12:38:11.506; [info]; ethereum; https://eth.getblock.io/2e50183d-4f7d-4bd4-809b-17a61b87fd11/mainnet/; Available - Fully synchronized 
2023-01-25; 12:38:12.817; [info]; bitcoin; https://btc.getblock.io/2e50183d-4f7d-4bd4-809b-17a61b87fd11/mainnet/; Available - 0/15 blocks behind, 99.99961985076268% complete 
2023-01-25; 12:38:17.031; [info]; bitcoin; https://btc.getblock.io/2e50183d-4f7d-4bd4-809b-17a61b87fd11/mainnet/; Available - 0/15 blocks behind, 99.99961840395855% complete 
2023-01-25; 12:38:20.832; [info]; ethereum; https://eth.llamarpc.com; Available - Fully synchronized 
2023-01-25; 12:38:21.609; [info]; ethereum; https://eth.getblock.io/2e50183d-4f7d-4bd4-809b-17a61b87fd11/mainnet/; Available - Fully synchronized 
2023-01-25; 12:38:23.878; [info]; ethereum; https://eth.llamarpc.com; Available - Fully synchronized 
2023-01-25; 12:38:27.248; [info]; bitcoin; https://btc.getblock.io/2e50183d-4f7d-4bd4-809b-17a61b87fd11/mainnet/; Available - 0/15 blocks behind, 99.99961442524739% complete 
2023-01-25; 12:38:30.712; [info]; ethereum; https://eth.getblock.io/2e50183d-4f7d-4bd4-809b-17a61b87fd11/mainnet/; Available - Fully synchronized 
2023-01-25; 12:38:30.918; [info]; ethereum; https://eth.llamarpc.com; Available - Fully synchronized 
2023-01-25; 12:38:31.974; [info]; ethereum; https://eth.llamarpc.com; Available - Fully synchronized 
2023-01-25; 12:38:36.454; [info]; bitcoin; https://btc.getblock.io/2e50183d-4f7d-4bd4-809b-17a61b87fd11/mainnet/; Available - 0/15 blocks behind, 99.99961116993849% complete 
2023-01-25; 12:38:36.866; [info]; ethereum; https://eth.getblock.io/2e50183d-4f7d-4bd4-809b-17a61b87fd11/mainnet/; Available - Fully synchronized 
2023-01-25; 12:38:37.717; [info]; bitcoin; https://btc.getblock.io/2e50183d-4f7d-4bd4-809b-17a61b87fd11/mainnet/; Available - 0/15 blocks behind, 99.99961080823752% complete 
2023-01-25; 12:38:38.014; [info]; ethereum; https://eth.llamarpc.com; Available - Fully synchronized 
2023-01-25; 12:38:42.998; [info]; ethereum; https://eth.getblock.io/2e50183d-4f7d-4bd4-809b-17a61b87fd11/mainnet/; Available - Fully synchronized 
2023-01-25; 12:38:44.098; [info]; ethereum; https://eth.getblock.io/2e50183d-4f7d-4bd4-809b-17a61b87fd11/mainnet/; Available - Fully synchronized 
2023-01-25; 12:38:46.193; [info]; ethereum; https://eth.getblock.io/2e50183d-4f7d-4bd4-809b-17a61b87fd11/mainnet/; Available - Fully synchronized 
2023-01-25; 12:38:46.959; [info]; bitcoin; https://btc.getblock.io/2e50183d-4f7d-4bd4-809b-17a61b87fd11/mainnet/; Available - 0/15 blocks behind, 99.99960755292886% complete 
2023-01-25; 12:38:48.051; [info]; ethereum; https://eth.llamarpc.com; Available - Fully synchronized 
2023-01-25; 12:38:52.296; [info]; ethereum; https://eth.getblock.io/2e50183d-4f7d-4bd4-809b-17a61b87fd11/mainnet/; Available - Fully synchronized 
2023-01-25; 12:38:54.270; [info]; bitcoin; https://btc.getblock.io/2e50183d-4f7d-4bd4-809b-17a61b87fd11/mainnet/; Available - 0/15 blocks behind, 99.99960465932135% complete 
2023-01-25; 12:38:55.550; [info]; bitcoin; https://btc.getblock.io/2e50183d-4f7d-4bd4-809b-17a61b87fd11/mainnet/; Available - 0/15 blocks behind, 99.99960429762042% complete 
2023-01-25; 12:38:56.092; [info]; ethereum; https://eth.llamarpc.com; Available - Fully synchronized 
2023-01-25; 12:38:58.775; [info]; bitcoin; https://btc.getblock.io/2e50183d-4f7d-4bd4-809b-17a61b87fd11/mainnet/; Available - 0/15 blocks behind, 99.99960321251766% complete 
2023-01-25; 12:38:59.399; [info]; ethereum; https://eth.getblock.io/2e50183d-4f7d-4bd4-809b-17a61b87fd11/mainnet/; Available - Fully synchronized 
2023-01-25; 12:39:05.130; [info]; ethereum; https://eth.llamarpc.com; Available - Fully synchronized 
2023-01-25; 12:39:08.513; [info]; ethereum; https://eth.getblock.io/2e50183d-4f7d-4bd4-809b-17a61b87fd11/mainnet/; Available - Fully synchronized 
2023-01-25; 12:39:08.980; [info]; bitcoin; https://btc.getblock.io/2e50183d-4f7d-4bd4-809b-17a61b87fd11/mainnet/; Available - 0/15 blocks behind, 99.99959959550858% complete 
2023-01-25; 12:39:10.169; [info]; ethereum; https://eth.llamarpc.com; Available - Fully synchronized 
2023-01-25; 12:39:12.243; [info]; bitcoin; https://btc.getblock.io/2e50183d-4f7d-4bd4-809b-17a61b87fd11/mainnet/; Available - 0/15 blocks behind, 99.99959814870505% complete 
2023-01-25; 12:39:16.616; [info]; ethereum; https://eth.getblock.io/2e50183d-4f7d-4bd4-809b-17a61b87fd11/mainnet/; Available - Fully synchronized 
2023-01-25; 12:39:19.210; [info]; ethereum; https://eth.llamarpc.com; Available - Fully synchronized 
2023-01-25; 12:39:20.449; [info]; bitcoin; https://btc.getblock.io/2e50183d-4f7d-4bd4-809b-17a61b87fd11/mainnet/; Available - 0/15 blocks behind, 99.99959525509807% complete 
2023-01-25; 12:39:20.776; [info]; ethereum; https://eth.getblock.io/2e50183d-4f7d-4bd4-809b-17a61b87fd11/mainnet/; Available - Fully synchronized 
2023-01-25; 12:39:22.653; [info]; bitcoin; https://btc.getblock.io/2e50183d-4f7d-4bd4-809b-17a61b87fd11/mainnet/; Available - 0/15 blocks behind, 99.99959453169635% complete 
2023-01-25; 12:39:23.246; [info]; ethereum; https://eth.llamarpc.com; Available - Fully synchronized 
2023-01-25; 12:39:25.293; [info]; ethereum; https://eth.llamarpc.com; Available - Fully synchronized 
2023-01-25; 12:39:26.875; [info]; ethereum; https://eth.getblock.io/2e50183d-4f7d-4bd4-809b-17a61b87fd11/mainnet/; Available - Fully synchronized 
2023-01-25; 12:39:29.860; [info]; bitcoin; https://btc.getblock.io/2e50183d-4f7d-4bd4-809b-17a61b87fd11/mainnet/; Available - 0/15 blocks behind, 99.99959199979043% complete 
2023-01-25; 12:39:33.067; [info]; bitcoin; https://btc.getblock.io/2e50183d-4f7d-4bd4-809b-17a61b87fd11/mainnet/; Available - 0/15 blocks behind, 99.99959055298709% complete 
2023-01-25; 12:39:34.328; [info]; ethereum; https://eth.llamarpc.com; Available - Fully synchronized 
2023-01-25; 12:39:34.979; [info]; ethereum; https://eth.getblock.io/2e50183d-4f7d-4bd4-809b-17a61b87fd11/mainnet/; Available - Fully synchronized 
2023-01-25; 12:39:35.387; [info]; ethereum; https://eth.llamarpc.com; Available - Fully synchronized 
2023-01-25; 12:39:43.283; [info]; bitcoin; https://btc.getblock.io/2e50183d-4f7d-4bd4-809b-17a61b87fd11/mainnet/; Available - 0/15 blocks behind, 99.99958693597894% complete 
2023-01-25; 12:39:43.428; [info]; ethereum; https://eth.llamarpc.com; Available - Fully synchronized 
2023-01-25; 12:39:44.084; [info]; ethereum; https://eth.getblock.io/2e50183d-4f7d-4bd4-809b-17a61b87fd11/mainnet/; Available - Fully synchronized 
2023-01-25; 12:39:46.493; [info]; bitcoin; https://btc.getblock.io/2e50183d-4f7d-4bd4-809b-17a61b87fd11/mainnet/; Available - 0/15 blocks behind, 99.99958585087656% complete 
2023-01-25; 12:39:51.185; [info]; ethereum; https://eth.getblock.io/2e50183d-4f7d-4bd4-809b-17a61b87fd11/mainnet/; Available - Fully synchronized 
2023-01-25; 12:39:51.762; [info]; bitcoin; https://btc.getblock.io/2e50183d-4f7d-4bd4-809b-17a61b87fd11/mainnet/; Available - 0/15 blocks behind, 99.99958404237262% complete 
2023-01-25; 12:39:53.490; [info]; ethereum; https://eth.llamarpc.com; Available - Fully synchronized 
2023-01-25; 12:39:54.287; [info]; ethereum; https://eth.getblock.io/2e50183d-4f7d-4bd4-809b-17a61b87fd11/mainnet/; Available - Fully synchronized 
2023-01-25; 12:39:54.968; [info]; bitcoin; https://btc.getblock.io/2e50183d-4f7d-4bd4-809b-17a61b87fd11/mainnet/; Available - 0/15 blocks behind, 99.99958295727029% complete 
2023-01-25; 12:39:57.533; [info]; ethereum; https://eth.llamarpc.com; Available - Fully synchronized 
2023-01-25; 12:39:59.409; [info]; ethereum; https://eth.getblock.io/2e50183d-4f7d-4bd4-809b-17a61b87fd11/mainnet/; Available - Fully synchronized 
2023-01-25; 12:40:01.171; [info]; bitcoin; https://btc.getblock.io/2e50183d-4f7d-4bd4-809b-17a61b87fd11/mainnet/; Available - 0/15 blocks behind, 99.99958042536495% complete 
2023-01-25; 12:40:07.580; [info]; ethereum; https://eth.llamarpc.com; Available - Fully synchronized 
2023-01-25; 12:40:08.496; [info]; bitcoin; https://btc.getblock.io/2e50183d-4f7d-4bd4-809b-17a61b87fd11/mainnet/; Available - 0/15 blocks behind, 99.99957789345974% complete 
2023-01-25; 12:40:08.507; [info]; ethereum; https://eth.getblock.io/2e50183d-4f7d-4bd4-809b-17a61b87fd11/mainnet/; Available - Fully synchronized 
2023-01-25; 12:40:13.613; [info]; ethereum; https://eth.getblock.io/2e50183d-4f7d-4bd4-809b-17a61b87fd11/mainnet/; Available - Fully synchronized 
2023-01-25; 12:40:14.696; [info]; bitcoin; https://btc.getblock.io/2e50183d-4f7d-4bd4-809b-17a61b87fd11/mainnet/; Available - 0/15 blocks behind, 99.99957572325538% complete 
2023-01-25; 12:40:16.623; [info]; ethereum; https://eth.llamarpc.com; Available - Fully synchronized 
2023-01-25; 12:40:20.733; [info]; ethereum; https://eth.getblock.io/2e50183d-4f7d-4bd4-809b-17a61b87fd11/mainnet/; Available - Fully synchronized 
2023-01-25; 12:40:22.662; [info]; ethereum; https://eth.llamarpc.com; Available - Fully synchronized 
2023-01-25; 12:40:22.905; [info]; bitcoin; https://btc.getblock.io/2e50183d-4f7d-4bd4-809b-17a61b87fd11/mainnet/; Available - 0/15 blocks behind, 99.9995728296497% complete 
2023-01-25; 12:40:24.208; [info]; bitcoin; https://btc.getblock.io/2e50183d-4f7d-4bd4-809b-17a61b87fd11/mainnet/; Available - 0/15 blocks behind, 99.99957210624831% complete 
2023-01-25; 12:40:29.883; [info]; ethereum; https://eth.getblock.io/2e50183d-4f7d-4bd4-809b-17a61b87fd11/mainnet/; Available - Fully synchronized 
2023-01-25; 12:40:32.736; [info]; ethereum; https://eth.llamarpc.com; Available - Fully synchronized 
2023-01-25; 12:40:34.462; [info]; bitcoin; https://btc.getblock.io/2e50183d-4f7d-4bd4-809b-17a61b87fd11/mainnet/; Available - 0/15 blocks behind, 99.9995684892415% complete 
2023-01-25; 12:40:36.985; [info]; ethereum; https://eth.getblock.io/2e50183d-4f7d-4bd4-809b-17a61b87fd11/mainnet/; Available - Fully synchronized 
2023-01-25; 12:40:38.760; [info]; bitcoin; https://btc.getblock.io/2e50183d-4f7d-4bd4-809b-17a61b87fd11/mainnet/; Available - 0/15 blocks behind, 99.99956704243884% complete 
2023-01-25; 12:40:39.778; [info]; ethereum; https://eth.llamarpc.com; Available - Fully synchronized 
2023-01-25; 12:40:43.089; [info]; ethereum; https://eth.getblock.io/2e50183d-4f7d-4bd4-809b-17a61b87fd11/mainnet/; Available - Fully synchronized 
2023-01-25; 12:40:44.817; [info]; ethereum; https://eth.llamarpc.com; Available - Fully synchronized 
2023-01-25; 12:40:47.195; [info]; ethereum; https://eth.getblock.io/2e50183d-4f7d-4bd4-809b-17a61b87fd11/mainnet/; Available - Fully synchronized 
2023-01-25; 12:40:48.960; [info]; bitcoin; https://btc.getblock.io/2e50183d-4f7d-4bd4-809b-17a61b87fd11/mainnet/; Available - 0/15 blocks behind, 99.9995634254324% complete 
2023-01-25; 12:40:51.853; [info]; ethereum; https://eth.llamarpc.com; Available - Fully synchronized 
2023-01-25; 12:40:52.291; [info]; ethereum; https://eth.getblock.io/2e50183d-4f7d-4bd4-809b-17a61b87fd11/mainnet/; Available - Fully synchronized 
2023-01-25; 12:40:56.394; [info]; ethereum; https://eth.getblock.io/2e50183d-4f7d-4bd4-809b-17a61b87fd11/mainnet/; Available - Fully synchronized 
2023-01-25; 12:40:57.157; [info]; bitcoin; https://btc.getblock.io/2e50183d-4f7d-4bd4-809b-17a61b87fd11/mainnet/; Available - 0/15 blocks behind, 99.99956017012683% complete 
2023-01-25; 12:40:58.902; [info]; ethereum; https://eth.llamarpc.com; Available - Fully synchronized 
2023-01-25; 12:41:00.502; [info]; ethereum; https://eth.getblock.io/2e50183d-4f7d-4bd4-809b-17a61b87fd11/mainnet/; Available - Fully synchronized 
2023-01-25; 12:41:01.602; [info]; ethereum; https://eth.getblock.io/2e50183d-4f7d-4bd4-809b-17a61b87fd11/mainnet/; Available - Fully synchronized 
2023-01-25; 12:41:05.706; [info]; ethereum; https://eth.getblock.io/2e50183d-4f7d-4bd4-809b-17a61b87fd11/mainnet/; Available - Fully synchronized 
2023-01-25; 12:41:06.944; [info]; ethereum; https://eth.llamarpc.com; Available - Fully synchronized 
2023-01-25; 12:41:07.473; [info]; bitcoin; https://btc.getblock.io/2e50183d-4f7d-4bd4-809b-17a61b87fd11/mainnet/; Available - 0/15 blocks behind, 99.9995565531209% complete 
2023-01-25; 12:41:09.720; [info]; bitcoin; https://btc.getblock.io/2e50183d-4f7d-4bd4-809b-17a61b87fd11/mainnet/; Available - 0/15 blocks behind, 99.99955582971974% complete 
2023-01-25; 12:41:10.009; [info]; ethereum; https://eth.llamarpc.com; Available - Fully synchronized 
2023-01-25; 12:41:11.044; [info]; ethereum; https://eth.llamarpc.com; Available - Fully synchronized 
2023-01-25; 12:41:12.094; [info]; ethereum; https://eth.llamarpc.com; Available - Fully synchronized 
2023-01-25; 12:41:14.806; [info]; ethereum; https://eth.getblock.io/2e50183d-4f7d-4bd4-809b-17a61b87fd11/mainnet/; Available - Fully synchronized 
2023-01-25; 12:41:15.021; [info]; bitcoin; https://btc.getblock.io/2e50183d-4f7d-4bd4-809b-17a61b87fd11/mainnet/; Available - 0/15 blocks behind, 99.9995540212169% complete 
2023-01-25; 12:41:15.905; [info]; ethereum; https://eth.getblock.io/2e50183d-4f7d-4bd4-809b-17a61b87fd11/mainnet/; Available - Fully synchronized 
2023-01-25; 12:41:20.272; [info]; bitcoin; https://btc.getblock.io/2e50183d-4f7d-4bd4-809b-17a61b87fd11/mainnet/; Available - 0/15 blocks behind, 99.99955185101355% complete 
2023-01-25; 12:41:21.133; [info]; ethereum; https://eth.llamarpc.com; Available - Fully synchronized 
2023-01-25; 12:41:24.066; [info]; ethereum; https://eth.getblock.io/2e50183d-4f7d-4bd4-809b-17a61b87fd11/mainnet/; Available - Fully synchronized 
2023-01-25; 12:41:24.460; [info]; bitcoin; https://btc.getblock.io/2e50183d-4f7d-4bd4-809b-17a61b87fd11/mainnet/; Available - 0/15 blocks behind, 99.99955040421139% complete 
2023-01-25; 12:41:25.167; [info]; ethereum; https://eth.getblock.io/2e50183d-4f7d-4bd4-809b-17a61b87fd11/mainnet/; Available - Fully synchronized 
2023-01-25; 12:41:29.265; [info]; ethereum; https://eth.getblock.io/2e50183d-4f7d-4bd4-809b-17a61b87fd11/mainnet/; Available - Fully synchronized 
2023-01-25; 12:41:30.182; [info]; ethereum; https://eth.llamarpc.com; Available - Fully synchronized 
2023-01-25; 12:41:32.238; [info]; ethereum; https://eth.llamarpc.com; Available - Fully synchronized 
2023-01-25; 12:41:34.658; [info]; bitcoin; https://btc.getblock.io/2e50183d-4f7d-4bd4-809b-17a61b87fd11/mainnet/; Available - 0/15 blocks behind, 99.99954678720616% complete 
2023-01-25; 12:41:38.276; [info]; ethereum; https://eth.llamarpc.com; Available - Fully synchronized 
2023-01-25; 12:41:38.865; [info]; bitcoin; https://btc.getblock.io/2e50183d-4f7d-4bd4-809b-17a61b87fd11/mainnet/; Available - 0/15 blocks behind, 99.99999602127535% complete 
2023-01-25; 12:41:39.362; [info]; ethereum; https://eth.getblock.io/2e50183d-4f7d-4bd4-809b-17a61b87fd11/mainnet/; Available - Fully synchronized 
2023-01-25; 12:41:44.316; [info]; ethereum; https://eth.llamarpc.com; Available - Fully synchronized 
2023-01-25; 12:41:44.457; [info]; ethereum; https://eth.getblock.io/2e50183d-4f7d-4bd4-809b-17a61b87fd11/mainnet/; Available - Fully synchronized 
2023-01-25; 12:41:45.063; [info]; bitcoin; https://btc.getblock.io/2e50183d-4f7d-4bd4-809b-17a61b87fd11/mainnet/; Available - 0/15 blocks behind, 99.99999348935982% complete 
2023-01-25; 12:41:45.362; [info]; ethereum; https://eth.llamarpc.com; Available - Fully synchronized 
2023-01-25; 12:41:50.402; [info]; ethereum; https://eth.llamarpc.com; Available - Fully synchronized 
2023-01-25; 12:41:51.268; [info]; bitcoin; https://btc.getblock.io/2e50183d-4f7d-4bd4-809b-17a61b87fd11/mainnet/; Available - 0/15 blocks behind, 99.99999131914663% complete 
2023-01-25; 12:41:53.442; [info]; ethereum; https://eth.llamarpc.com; Available - Fully synchronized 
2023-01-25; 12:41:54.476; [info]; bitcoin; https://btc.getblock.io/2e50183d-4f7d-4bd4-809b-17a61b87fd11/mainnet/; Available - 0/15 blocks behind, 99.99999023404006% complete 
2023-01-25; 12:41:54.558; [info]; ethereum; https://eth.getblock.io/2e50183d-4f7d-4bd4-809b-17a61b87fd11/mainnet/; Available - Fully synchronized 
2023-01-25; 12:41:58.704; [info]; ethereum; https://eth.getblock.io/2e50183d-4f7d-4bd4-809b-17a61b87fd11/mainnet/; Available - Fully synchronized 
2023-01-25; 12:42:00.479; [info]; ethereum; https://eth.llamarpc.com; Available - Fully synchronized 
2023-01-25; 12:42:01.726; [info]; bitcoin; https://btc.getblock.io/2e50183d-4f7d-4bd4-809b-17a61b87fd11/mainnet/; Available - 0/15 blocks behind, 99.99998770212484% complete 
2023-01-25; 12:42:01.807; [info]; ethereum; https://eth.getblock.io/2e50183d-4f7d-4bd4-809b-17a61b87fd11/mainnet/; Available - Fully synchronized 
2023-01-25; 12:42:04.516; [info]; ethereum; https://eth.llamarpc.com; Available - Fully synchronized 
2023-01-25; 12:42:04.902; [info]; ethereum; https://eth.getblock.io/2e50183d-4f7d-4bd4-809b-17a61b87fd11/mainnet/; Available - Fully synchronized 
2023-01-25; 12:42:08.930; [info]; bitcoin; https://btc.getblock.io/2e50183d-4f7d-4bd4-809b-17a61b87fd11/mainnet/; Available - 0/15 blocks behind, 99.99998517020974% complete 
2023-01-25; 12:42:10.011; [info]; ethereum; https://eth.getblock.io/2e50183d-4f7d-4bd4-809b-17a61b87fd11/mainnet/; Available - Fully synchronized 
2023-01-25; 12:42:10.131; [info]; bitcoin; https://btc.getblock.io/2e50183d-4f7d-4bd4-809b-17a61b87fd11/mainnet/; Available - 0/15 blocks behind, 99.99998444680544% complete 
2023-01-25; 12:42:13.559; [info]; ethereum; https://eth.llamarpc.com; Available - Fully synchronized 
2023-01-25; 12:42:14.600; [info]; ethereum; https://eth.llamarpc.com; Available - Fully synchronized 
2023-01-25; 12:42:17.642; [info]; ethereum; https://eth.llamarpc.com; Available - Fully synchronized 
2023-01-25; 12:42:18.244; [info]; ethereum; https://eth.getblock.io/2e50183d-4f7d-4bd4-809b-17a61b87fd11/mainnet/; Available - Fully synchronized 
2023-01-25; 12:42:20.346; [info]; bitcoin; https://btc.getblock.io/2e50183d-4f7d-4bd4-809b-17a61b87fd11/mainnet/; Available - 0/15 blocks behind, 99.99998082978415% complete 
2023-01-25; 12:42:24.344; [info]; ethereum; https://eth.getblock.io/2e50183d-4f7d-4bd4-809b-17a61b87fd11/mainnet/; Available - Fully synchronized 
2023-01-25; 12:42:24.684; [info]; ethereum; https://eth.llamarpc.com; Available - Fully synchronized 
2023-01-25; 12:42:25.469; [info]; ethereum; https://eth.getblock.io/2e50183d-4f7d-4bd4-809b-17a61b87fd11/mainnet/; Available - Fully synchronized 
2023-01-25; 12:42:25.724; [info]; ethereum; https://eth.llamarpc.com; Available - Fully synchronized 
2023-01-25; 12:42:29.651; [info]; bitcoin; https://btc.getblock.io/2e50183d-4f7d-4bd4-809b-17a61b87fd11/mainnet/; Available - 0/15 blocks behind, 99.99997757446522% complete 
2023-01-25; 12:42:32.571; [info]; ethereum; https://eth.getblock.io/2e50183d-4f7d-4bd4-809b-17a61b87fd11/mainnet/; Available - Fully synchronized 
2023-01-25; 12:42:32.855; [info]; bitcoin; https://btc.getblock.io/2e50183d-4f7d-4bd4-809b-17a61b87fd11/mainnet/; Available - 0/15 blocks behind, 99.99997648935894% complete 
2023-01-25; 12:42:34.761; [info]; ethereum; https://eth.llamarpc.com; Available - Fully synchronized 
2023-01-25; 12:42:37.723; [info]; ethereum; https://eth.getblock.io/2e50183d-4f7d-4bd4-809b-17a61b87fd11/mainnet/; Available - Fully synchronized 
2023-01-25; 12:42:42.105; [info]; bitcoin; https://btc.getblock.io/2e50183d-4f7d-4bd4-809b-17a61b87fd11/mainnet/; Available - 0/15 blocks behind, 99.99997287233823% complete 
2023-01-25; 12:42:43.805; [info]; ethereum; https://eth.llamarpc.com; Available - Fully synchronized 
2023-01-25; 12:42:44.819; [info]; ethereum; https://eth.getblock.io/2e50183d-4f7d-4bd4-809b-17a61b87fd11/mainnet/; Available - Fully synchronized 
2023-01-25; 12:42:44.856; [info]; ethereum; https://eth.llamarpc.com; Available - Fully synchronized 
2023-01-25; 12:42:45.896; [info]; ethereum; https://eth.llamarpc.com; Available - Fully synchronized 
2023-01-25; 12:42:51.358; [info]; bitcoin; https://btc.getblock.io/2e50183d-4f7d-4bd4-809b-17a61b87fd11/mainnet/; Available - 0/15 blocks behind, 99.9999696170198% complete 
2023-01-25; 12:42:52.914; [info]; ethereum; https://eth.getblock.io/2e50183d-4f7d-4bd4-809b-17a61b87fd11/mainnet/; Available - Fully synchronized 
2023-01-25; 12:42:54.931; [info]; ethereum; https://eth.llamarpc.com; Available - Fully synchronized 
2023-01-25; 12:42:55.009; [info]; ethereum; https://eth.getblock.io/2e50183d-4f7d-4bd4-809b-17a61b87fd11/mainnet/; Available - Fully synchronized 
2023-01-25; 12:42:55.601; [info]; bitcoin; https://btc.getblock.io/2e50183d-4f7d-4bd4-809b-17a61b87fd11/mainnet/; Available - 0/15 blocks behind, 99.99996817021169% complete 
2023-01-25; 12:42:55.968; [info]; ethereum; https://eth.llamarpc.com; Available - Fully synchronized 
2023-01-25; 12:42:59.010; [info]; ethereum; https://eth.llamarpc.com; Available - Fully synchronized 
2023-01-25; 12:43:00.049; [info]; ethereum; https://eth.llamarpc.com; Available - Fully synchronized 
2023-01-25; 12:43:03.203; [info]; ethereum; https://eth.getblock.io/2e50183d-4f7d-4bd4-809b-17a61b87fd11/mainnet/; Available - Fully synchronized 
2023-01-25; 12:43:03.897; [info]; bitcoin; https://btc.getblock.io/2e50183d-4f7d-4bd4-809b-17a61b87fd11/mainnet/; Available - 0/15 blocks behind, 99.99996527659557% complete 
2023-01-25; 12:43:04.085; [info]; ethereum; https://eth.llamarpc.com; Available - Fully synchronized 
2023-01-25; 12:43:08.143; [info]; ethereum; https://eth.llamarpc.com; Available - Fully synchronized 
2023-01-25; 12:43:10.159; [info]; bitcoin; https://btc.getblock.io/2e50183d-4f7d-4bd4-809b-17a61b87fd11/mainnet/; Available - 0/15 blocks behind, 99.9999627446816% complete 
2023-01-25; 12:43:10.300; [info]; ethereum; https://eth.getblock.io/2e50183d-4f7d-4bd4-809b-17a61b87fd11/mainnet/; Available - Fully synchronized 
2023-01-25; 12:43:15.183; [info]; ethereum; https://eth.llamarpc.com; Available - Fully synchronized 
2023-01-25; 12:43:15.364; [info]; bitcoin; https://btc.getblock.io/2e50183d-4f7d-4bd4-809b-17a61b87fd11/mainnet/; Available - 0/15 blocks behind, 99.9999609361717% complete 
2023-01-25; 12:43:16.222; [info]; ethereum; https://eth.llamarpc.com; Available - Fully synchronized 
2023-01-25; 12:43:16.397; [info]; ethereum; https://eth.getblock.io/2e50183d-4f7d-4bd4-809b-17a61b87fd11/mainnet/; Available - Fully synchronized 
2023-01-25; 12:43:22.262; [info]; ethereum; https://eth.llamarpc.com; Available - Fully synchronized 
2023-01-25; 12:43:23.301; [info]; ethereum; https://eth.llamarpc.com; Available - Fully synchronized 
2023-01-25; 12:43:23.506; [info]; ethereum; https://eth.getblock.io/2e50183d-4f7d-4bd4-809b-17a61b87fd11/mainnet/; Available - Fully synchronized 
2023-01-25; 12:43:24.669; [info]; bitcoin; https://btc.getblock.io/2e50183d-4f7d-4bd4-809b-17a61b87fd11/mainnet/; Available - 0/15 blocks behind, 99.99995768085405% complete 
2023-01-25; 12:43:26.349; [info]; ethereum; https://eth.llamarpc.com; Available - Fully synchronized 
2023-01-25; 12:43:28.608; [info]; ethereum; https://eth.getblock.io/2e50183d-4f7d-4bd4-809b-17a61b87fd11/mainnet/; Available - Fully synchronized 
2023-01-25; 12:43:28.871; [info]; bitcoin; https://btc.getblock.io/2e50183d-4f7d-4bd4-809b-17a61b87fd11/mainnet/; Available - 0/15 blocks behind, 99.9999562340463% complete 
2023-01-25; 12:43:30.393; [info]; ethereum; https://eth.llamarpc.com; Available - Fully synchronized 
2023-01-25; 12:43:35.445; [info]; ethereum; https://eth.llamarpc.com; Available - Fully synchronized 
2023-01-25; 12:43:35.718; [info]; ethereum; https://eth.getblock.io/2e50183d-4f7d-4bd4-809b-17a61b87fd11/mainnet/; Available - Fully synchronized 
2023-01-25; 12:43:36.124; [info]; bitcoin; https://btc.getblock.io/2e50183d-4f7d-4bd4-809b-17a61b87fd11/mainnet/; Available - 0/15 blocks behind, 99.99995334043086% complete 
2023-01-25; 12:43:42.819; [info]; ethereum; https://eth.getblock.io/2e50183d-4f7d-4bd4-809b-17a61b87fd11/mainnet/; Available - Fully synchronized 
2023-01-25; 12:43:43.928; [info]; ethereum; https://eth.getblock.io/2e50183d-4f7d-4bd4-809b-17a61b87fd11/mainnet/; Available - Fully synchronized 
2023-01-25; 12:43:44.484; [info]; ethereum; https://eth.llamarpc.com; Available - Fully synchronized 
2023-01-25; 12:43:46.318; [info]; bitcoin; https://btc.getblock.io/2e50183d-4f7d-4bd4-809b-17a61b87fd11/mainnet/; Available - 0/15 blocks behind, 99.99994972341182% complete 
2023-01-25; 12:43:49.518; [info]; ethereum; https://eth.llamarpc.com; Available - Fully synchronized 
2023-01-25; 12:43:51.030; [info]; ethereum; https://eth.getblock.io/2e50183d-4f7d-4bd4-809b-17a61b87fd11/mainnet/; Available - Fully synchronized 
2023-01-25; 12:43:52.560; [info]; ethereum; https://eth.llamarpc.com; Available - Fully synchronized 
2023-01-25; 12:43:53.124; [info]; ethereum; https://eth.getblock.io/2e50183d-4f7d-4bd4-809b-17a61b87fd11/mainnet/; Available - Fully synchronized 
2023-01-25; 12:43:53.573; [info]; bitcoin; https://btc.getblock.io/2e50183d-4f7d-4bd4-809b-17a61b87fd11/mainnet/; Available - 0/15 blocks behind, 99.99994719149863% complete 
2023-01-25; 12:43:58.820; [info]; bitcoin; https://btc.getblock.io/2e50183d-4f7d-4bd4-809b-17a61b87fd11/mainnet/; Available - 0/15 blocks behind, 99.9999453829893% complete 
2023-01-25; 12:44:00.648; [info]; ethereum; https://eth.llamarpc.com; Available - Fully synchronized 
2023-01-25; 12:44:02.025; [info]; bitcoin; https://btc.getblock.io/2e50183d-4f7d-4bd4-809b-17a61b87fd11/mainnet/; Available - 0/15 blocks behind, 99.99994429788374% complete 
2023-01-25; 12:44:03.226; [info]; ethereum; https://eth.getblock.io/2e50183d-4f7d-4bd4-809b-17a61b87fd11/mainnet/; Available - Fully synchronized 
2023-01-25; 12:44:06.224; [info]; bitcoin; https://btc.getblock.io/2e50183d-4f7d-4bd4-809b-17a61b87fd11/mainnet/; Available - 0/15 blocks behind, 99.9999424893745% complete 
2023-01-25; 12:44:08.525; [info]; bitcoin; https://btc.getblock.io/2e50183d-4f7d-4bd4-809b-17a61b87fd11/mainnet/; Available - 0/15 blocks behind, 99.99994176597085% complete 
2023-01-25; 12:44:09.383; [info]; ethereum; https://eth.getblock.io/2e50183d-4f7d-4bd4-809b-17a61b87fd11/mainnet/; Available - Fully synchronized 
2023-01-25; 12:44:09.692; [info]; ethereum; https://eth.llamarpc.com; Available - Fully synchronized 
2023-01-25; 12:44:10.722; [info]; bitcoin; https://btc.getblock.io/2e50183d-4f7d-4bd4-809b-17a61b87fd11/mainnet/; Available - 0/15 blocks behind, 99.99994104256717% complete 
2023-01-25; 12:44:13.737; [info]; ethereum; https://eth.llamarpc.com; Available - Fully synchronized 
2023-01-25; 12:44:13.974; [info]; bitcoin; https://btc.getblock.io/2e50183d-4f7d-4bd4-809b-17a61b87fd11/mainnet/; Available - 0/15 blocks behind, 99.9999399574617% complete 
2023-01-25; 12:44:14.548; [info]; ethereum; https://eth.getblock.io/2e50183d-4f7d-4bd4-809b-17a61b87fd11/mainnet/; Available - Fully synchronized 
2023-01-25; 12:44:18.239; [info]; bitcoin; https://btc.getblock.io/2e50183d-4f7d-4bd4-809b-17a61b87fd11/mainnet/; Available - 0/15 blocks behind, 99.99993814895264% complete 
2023-01-25; 12:44:18.779; [info]; ethereum; https://eth.llamarpc.com; Available - Fully synchronized 
2023-01-25; 12:44:21.555; [info]; bitcoin; https://btc.getblock.io/2e50183d-4f7d-4bd4-809b-17a61b87fd11/mainnet/; Available - 0/15 blocks behind, 99.99993706384723% complete 
2023-01-25; 12:44:24.648; [info]; ethereum; https://eth.getblock.io/2e50183d-4f7d-4bd4-809b-17a61b87fd11/mainnet/; Available - Fully synchronized 
2023-01-25; 12:44:24.819; [info]; ethereum; https://eth.llamarpc.com; Available - Fully synchronized 
2023-01-25; 12:44:29.860; [info]; ethereum; https://eth.llamarpc.com; Available - Fully synchronized 
2023-01-25; 12:44:30.806; [info]; bitcoin; https://btc.getblock.io/2e50183d-4f7d-4bd4-809b-17a61b87fd11/mainnet/; Available - 0/15 blocks behind, 99.99993380853113% complete 
2023-01-25; 12:44:30.806; [info]; ethereum; https://eth.getblock.io/2e50183d-4f7d-4bd4-809b-17a61b87fd11/mainnet/; Available - Fully synchronized 
2023-01-25; 12:44:31.961; [info]; ethereum; https://eth.getblock.io/2e50183d-4f7d-4bd4-809b-17a61b87fd11/mainnet/; Available - Fully synchronized 
2023-01-25; 12:44:35.014; [info]; bitcoin; https://btc.getblock.io/2e50183d-4f7d-4bd4-809b-17a61b87fd11/mainnet/; Available - 0/15 blocks behind, 99.99993236172403% complete 
2023-01-25; 12:44:38.937; [info]; ethereum; https://eth.llamarpc.com; Available - Fully synchronized 
2023-01-25; 12:44:39.060; [info]; ethereum; https://eth.getblock.io/2e50183d-4f7d-4bd4-809b-17a61b87fd11/mainnet/; Available - Fully synchronized 
2023-01-25; 12:44:41.162; [info]; ethereum; https://eth.getblock.io/2e50183d-4f7d-4bd4-809b-17a61b87fd11/mainnet/; Available - Fully synchronized 
2023-01-25; 12:44:41.988; [info]; ethereum; https://eth.llamarpc.com; Available - Fully synchronized 
2023-01-25; 12:44:43.266; [info]; bitcoin; https://btc.getblock.io/2e50183d-4f7d-4bd4-809b-17a61b87fd11/mainnet/; Available - 0/15 blocks behind, 99.99992910640826% complete 
2023-01-25; 12:44:46.031; [info]; ethereum; https://eth.llamarpc.com; Available - Fully synchronized 
2023-01-25; 12:44:46.511; [info]; bitcoin; https://btc.getblock.io/2e50183d-4f7d-4bd4-809b-17a61b87fd11/mainnet/; Available - 0/15 blocks behind, 99.99992802130305% complete 
2023-01-25; 12:44:49.068; [info]; ethereum; https://eth.llamarpc.com; Available - Fully synchronized 
2023-01-25; 12:44:49.276; [info]; ethereum; https://eth.getblock.io/2e50183d-4f7d-4bd4-809b-17a61b87fd11/mainnet/; Available - Fully synchronized 
2023-01-25; 12:44:50.138; [info]; ethereum; https://eth.llamarpc.com; Available - Fully synchronized 
2023-01-25; 12:44:50.423; [info]; ethereum; https://eth.getblock.io/2e50183d-4f7d-4bd4-809b-17a61b87fd11/mainnet/; Available - Fully synchronized 
2023-01-25; 12:44:55.759; [info]; bitcoin; https://btc.getblock.io/2e50183d-4f7d-4bd4-809b-17a61b87fd11/mainnet/; Available - 0/15 blocks behind, 99.99992476598753% complete 
2023-01-25; 12:44:57.525; [info]; ethereum; https://eth.getblock.io/2e50183d-4f7d-4bd4-809b-17a61b87fd11/mainnet/; Available - Fully synchronized 
2023-01-25; 12:44:59.670; [info]; ethereum; https://eth.getblock.io/2e50183d-4f7d-4bd4-809b-17a61b87fd11/mainnet/; Available - Fully synchronized 
2023-01-25; 12:45:00.176; [info]; ethereum; https://eth.llamarpc.com; Available - Fully synchronized 
2023-01-25; 12:45:02.061; [info]; bitcoin; https://btc.getblock.io/2e50183d-4f7d-4bd4-809b-17a61b87fd11/mainnet/; Available - 0/15 blocks behind, 99.99992259577732% complete 
2023-01-25; 12:45:06.221; [info]; ethereum; https://eth.llamarpc.com; Available - Fully synchronized 
2023-01-25; 12:45:07.779; [info]; ethereum; https://eth.getblock.io/2e50183d-4f7d-4bd4-809b-17a61b87fd11/mainnet/; Available - Fully synchronized 
2023-01-25; 12:45:09.256; [info]; bitcoin; https://btc.getblock.io/2e50183d-4f7d-4bd4-809b-17a61b87fd11/mainnet/; Available - 0/15 blocks behind, 99.99991970216384% complete 
2023-01-25; 12:45:10.260; [info]; ethereum; https://eth.llamarpc.com; Available - Fully synchronized 
2023-01-25; 12:45:12.882; [info]; ethereum; https://eth.getblock.io/2e50183d-4f7d-4bd4-809b-17a61b87fd11/mainnet/; Available - Fully synchronized 
2023-01-25; 12:45:15.307; [info]; ethereum; https://eth.llamarpc.com; Available - Fully synchronized 
2023-01-25; 12:45:16.515; [info]; bitcoin; https://btc.getblock.io/2e50183d-4f7d-4bd4-809b-17a61b87fd11/mainnet/; Available - 0/15 blocks behind, 99.99991717025219% complete 
2023-01-25; 12:45:17.346; [info]; ethereum; https://eth.llamarpc.com; Available - Fully synchronized 
2023-01-25; 12:45:17.775; [info]; bitcoin; https://btc.getblock.io/2e50183d-4f7d-4bd4-809b-17a61b87fd11/mainnet/; Available - 0/15 blocks behind, 99.99991680855054% complete 
2023-01-25; 12:45:21.989; [info]; ethereum; https://eth.getblock.io/2e50183d-4f7d-4bd4-809b-17a61b87fd11/mainnet/; Available - Fully synchronized 
2023-01-25; 12:45:25.141; [info]; ethereum; https://eth.getblock.io/2e50183d-4f7d-4bd4-809b-17a61b87fd11/mainnet/; Available - Fully synchronized 
2023-01-25; 12:45:27.079; [info]; bitcoin; https://btc.getblock.io/2e50183d-4f7d-4bd4-809b-17a61b87fd11/mainnet/; Available - 0/15 blocks behind, 99.99991319153413% complete 
2023-01-25; 12:45:27.389; [info]; ethereum; https://eth.llamarpc.com; Available - Fully synchronized 
2023-01-25; 12:45:28.299; [info]; ethereum; https://eth.getblock.io/2e50183d-4f7d-4bd4-809b-17a61b87fd11/mainnet/; Available - Fully synchronized 
2023-01-25; 12:45:29.426; [info]; ethereum; https://eth.llamarpc.com; Available - Fully synchronized 
2023-01-25; 12:45:33.464; [info]; ethereum; https://eth.llamarpc.com; Available - Fully synchronized 
2023-01-25; 12:45:34.402; [info]; ethereum; https://eth.getblock.io/2e50183d-4f7d-4bd4-809b-17a61b87fd11/mainnet/; Available - Fully synchronized 
2023-01-25; 12:45:36.294; [info]; bitcoin; https://btc.getblock.io/2e50183d-4f7d-4bd4-809b-17a61b87fd11/mainnet/; Available - 0/15 blocks behind, 99.9999099362196% complete 
2023-01-25; 12:45:37.551; [info]; bitcoin; https://btc.getblock.io/2e50183d-4f7d-4bd4-809b-17a61b87fd11/mainnet/; Available - 0/15 blocks behind, 99.99990957451799% complete 
2023-01-25; 12:45:38.505; [info]; ethereum; https://eth.llamarpc.com; Available - Fully synchronized 
2023-01-25; 12:45:41.545; [info]; ethereum; https://eth.llamarpc.com; Available - Fully synchronized 
2023-01-25; 12:45:43.564; [info]; ethereum; https://eth.getblock.io/2e50183d-4f7d-4bd4-809b-17a61b87fd11/mainnet/; Available - Fully synchronized 
2023-01-25; 12:45:43.748; [info]; bitcoin; https://btc.getblock.io/2e50183d-4f7d-4bd4-809b-17a61b87fd11/mainnet/; Available - 0/15 blocks behind, 99.99990740430843% complete 
2023-01-25; 12:45:49.662; [info]; ethereum; https://eth.getblock.io/2e50183d-4f7d-4bd4-809b-17a61b87fd11/mainnet/; Available - Fully synchronized 
2023-01-25; 12:45:50.589; [info]; ethereum; https://eth.llamarpc.com; Available - Fully synchronized 
2023-01-25; 12:45:53.633; [info]; ethereum; https://eth.llamarpc.com; Available - Fully synchronized 
2023-01-25; 12:45:54.017; [info]; bitcoin; https://btc.getblock.io/2e50183d-4f7d-4bd4-809b-17a61b87fd11/mainnet/; Available - 0/15 blocks behind, 99.9999037872927% complete 
2023-01-25; 12:45:56.765; [info]; ethereum; https://eth.getblock.io/2e50183d-4f7d-4bd4-809b-17a61b87fd11/mainnet/; Available - Fully synchronized 
2023-01-25; 12:45:57.209; [info]; bitcoin; https://btc.getblock.io/2e50183d-4f7d-4bd4-809b-17a61b87fd11/mainnet/; Available - 0/15 blocks behind, 99.99990234048649% complete 
2023-01-25; 12:46:00.868; [info]; ethereum; https://eth.getblock.io/2e50183d-4f7d-4bd4-809b-17a61b87fd11/mainnet/; Available - Fully synchronized 
2023-01-25; 12:46:02.413; [info]; bitcoin; https://btc.getblock.io/2e50183d-4f7d-4bd4-809b-17a61b87fd11/mainnet/; Available - 0/15 blocks behind, 99.99990053197878% complete 
2023-01-25; 12:46:03.673; [info]; ethereum; https://eth.llamarpc.com; Available - Fully synchronized 
2023-01-25; 12:46:07.617; [info]; bitcoin; https://btc.getblock.io/2e50183d-4f7d-4bd4-809b-17a61b87fd11/mainnet/; Available - 0/15 blocks behind, 99.99989872347113% complete 
2023-01-25; 12:46:09.714; [info]; ethereum; https://eth.llamarpc.com; Available - Fully synchronized 
2023-01-25; 12:46:10.974; [info]; ethereum; https://eth.getblock.io/2e50183d-4f7d-4bd4-809b-17a61b87fd11/mainnet/; Available - Fully synchronized 
2023-01-25; 12:46:13.781; [info]; ethereum; https://eth.llamarpc.com; Available - Fully synchronized 
2023-01-25; 12:46:13.819; [info]; bitcoin; https://btc.getblock.io/2e50183d-4f7d-4bd4-809b-17a61b87fd11/mainnet/; Available - 0/15 blocks behind, 99.99989655326206% complete 
2023-01-25; 12:46:15.825; [info]; ethereum; https://eth.llamarpc.com; Available - Fully synchronized 
2023-01-25; 12:46:16.870; [info]; ethereum; https://eth.llamarpc.com; Available - Fully synchronized 
2023-01-25; 12:46:19.912; [info]; ethereum; https://eth.llamarpc.com; Available - Fully synchronized 
2023-01-25; 12:46:21.102; [info]; ethereum; https://eth.getblock.io/2e50183d-4f7d-4bd4-809b-17a61b87fd11/mainnet/; Available - Fully synchronized 
2023-01-25; 12:46:24.019; [info]; bitcoin; https://btc.getblock.io/2e50183d-4f7d-4bd4-809b-17a61b87fd11/mainnet/; Available - 0/15 blocks behind, 99.99989293624711% complete 
2023-01-25; 12:46:25.214; [info]; bitcoin; https://btc.getblock.io/2e50183d-4f7d-4bd4-809b-17a61b87fd11/mainnet/; Available - 0/15 blocks behind, 99.99989221284416% complete 
2023-01-25; 12:46:28.953; [info]; ethereum; https://eth.llamarpc.com; Available - Fully synchronized 
2023-01-25; 12:46:31.207; [info]; ethereum; https://eth.getblock.io/2e50183d-4f7d-4bd4-809b-17a61b87fd11/mainnet/; Available - Fully synchronized 
2023-01-25; 12:46:31.461; [info]; bitcoin; https://btc.getblock.io/2e50183d-4f7d-4bd4-809b-17a61b87fd11/mainnet/; Available - 0/15 blocks behind, 99.99989004263536% complete 
2023-01-25; 12:46:33.662; [info]; bitcoin; https://btc.getblock.io/2e50183d-4f7d-4bd4-809b-17a61b87fd11/mainnet/; Available - 0/15 blocks behind, 99.99988931923244% complete 
2023-01-25; 12:46:36.312; [info]; ethereum; https://eth.getblock.io/2e50183d-4f7d-4bd4-809b-17a61b87fd11/mainnet/; Available - Fully synchronized 
2023-01-25; 12:46:37.998; [info]; ethereum; https://eth.llamarpc.com; Available - Fully synchronized 
2023-01-25; 12:46:38.924; [info]; bitcoin; https://btc.getblock.io/2e50183d-4f7d-4bd4-809b-17a61b87fd11/mainnet/; Available - 0/15 blocks behind, 99.9998875107252% complete 
2023-01-25; 12:46:39.422; [info]; ethereum; https://eth.getblock.io/2e50183d-4f7d-4bd4-809b-17a61b87fd11/mainnet/; Available - Fully synchronized 
2023-01-25; 12:46:42.040; [info]; ethereum; https://eth.llamarpc.com; Available - Fully synchronized 
2023-01-25; 12:46:45.524; [info]; ethereum; https://eth.getblock.io/2e50183d-4f7d-4bd4-809b-17a61b87fd11/mainnet/; Available - Fully synchronized 
2023-01-25; 12:46:46.180; [info]; bitcoin; https://btc.getblock.io/2e50183d-4f7d-4bd4-809b-17a61b87fd11/mainnet/; Available - 0/15 blocks behind, 99.99988461711375% complete 
2023-01-25; 12:46:47.095; [info]; ethereum; https://eth.llamarpc.com; Available - Fully synchronized 
2023-01-25; 12:46:48.492; [info]; bitcoin; https://btc.getblock.io/2e50183d-4f7d-4bd4-809b-17a61b87fd11/mainnet/; Available - 0/15 blocks behind, 99.99988389371092% complete 
2023-01-25; 12:46:53.618; [info]; ethereum; https://eth.getblock.io/2e50183d-4f7d-4bd4-809b-17a61b87fd11/mainnet/; Available - Fully synchronized 
2023-01-25; 12:46:53.744; [info]; bitcoin; https://btc.getblock.io/2e50183d-4f7d-4bd4-809b-17a61b87fd11/mainnet/; Available - 0/15 blocks behind, 99.99988208520388% complete 
2023-01-25; 12:46:54.134; [info]; ethereum; https://eth.llamarpc.com; Available - Fully synchronized 
2023-01-25; 12:46:55.177; [info]; ethereum; https://eth.llamarpc.com; Available - Fully synchronized 
2023-01-25; 12:46:58.717; [info]; ethereum; https://eth.getblock.io/2e50183d-4f7d-4bd4-809b-17a61b87fd11/mainnet/; Available - Fully synchronized 
2023-01-25; 12:46:59.819; [info]; ethereum; https://eth.getblock.io/2e50183d-4f7d-4bd4-809b-17a61b87fd11/mainnet/; Available - Fully synchronized 
2023-01-25; 12:47:01.919; [info]; ethereum; https://eth.getblock.io/2e50183d-4f7d-4bd4-809b-17a61b87fd11/mainnet/; Available - Fully synchronized 
2023-01-25; 12:47:03.222; [info]; ethereum; https://eth.llamarpc.com; Available - Fully synchronized 
2023-01-25; 12:47:04.054; [info]; bitcoin; https://btc.getblock.io/2e50183d-4f7d-4bd4-809b-17a61b87fd11/mainnet/; Available - 0/15 blocks behind, 99.99987846818999% complete 
2023-01-25; 12:47:07.263; [info]; ethereum; https://eth.llamarpc.com; Available - Fully synchronized 
2023-01-25; 12:47:07.318; [info]; bitcoin; https://btc.getblock.io/2e50183d-4f7d-4bd4-809b-17a61b87fd11/mainnet/; Available - 0/15 blocks behind, 99.99987702138449% complete 
2023-01-25; 12:47:08.339; [info]; ethereum; https://eth.llamarpc.com; Available - Fully synchronized 
2023-01-25; 12:47:11.078; [info]; ethereum; https://eth.getblock.io/2e50183d-4f7d-4bd4-809b-17a61b87fd11/mainnet/; Available - Fully synchronized 
2023-01-25; 12:47:14.235; [info]; ethereum; https://eth.getblock.io/2e50183d-4f7d-4bd4-809b-17a61b87fd11/mainnet/; Available - Fully synchronized 
2023-01-25; 12:47:16.344; [info]; ethereum; https://eth.getblock.io/2e50183d-4f7d-4bd4-809b-17a61b87fd11/mainnet/; Available - Fully synchronized 
2023-01-25; 12:47:16.378; [info]; ethereum; https://eth.llamarpc.com; Available - Fully synchronized 
2023-01-25; 12:47:17.616; [info]; bitcoin; https://btc.getblock.io/2e50183d-4f7d-4bd4-809b-17a61b87fd11/mainnet/; Available - Fully synchronized 
2023-01-25; 12:47:20.422; [info]; ethereum; https://eth.llamarpc.com; Available - Fully synchronized 
2023-01-25; 12:47:21.521; [info]; ethereum; https://eth.getblock.io/2e50183d-4f7d-4bd4-809b-17a61b87fd11/mainnet/; Available - Fully synchronized 
2023-01-25; 12:47:22.466; [info]; ethereum; https://eth.llamarpc.com; Available - Fully synchronized 
2023-01-25; 12:47:25.816; [info]; bitcoin; https://btc.getblock.io/2e50183d-4f7d-4bd4-809b-17a61b87fd11/mainnet/; Available - 0/15 blocks behind, 99.99999855319466% complete 
2023-01-25; 12:47:29.618; [info]; ethereum; https://eth.getblock.io/2e50183d-4f7d-4bd4-809b-17a61b87fd11/mainnet/; Available - Fully synchronized 
2023-01-25; 12:47:31.028; [info]; bitcoin; https://btc.getblock.io/2e50183d-4f7d-4bd4-809b-17a61b87fd11/mainnet/; Available - 0/15 blocks behind, 99.99999674468805% complete 
2023-01-25; 12:47:32.508; [info]; ethereum; https://eth.llamarpc.com; Available - Fully synchronized 
2023-01-25; 12:47:39.730; [info]; ethereum; https://eth.getblock.io/2e50183d-4f7d-4bd4-809b-17a61b87fd11/mainnet/; Available - Fully synchronized 
2023-01-25; 12:47:41.231; [info]; bitcoin; https://btc.getblock.io/2e50183d-4f7d-4bd4-809b-17a61b87fd11/mainnet/; Available - 0/15 blocks behind, 99.99999276597373% complete 
2023-01-25; 12:47:42.432; [info]; bitcoin; https://btc.getblock.io/2e50183d-4f7d-4bd4-809b-17a61b87fd11/mainnet/; Available - 0/15 blocks behind, 99.99999240427246% complete 
2023-01-25; 12:47:42.556; [info]; ethereum; https://eth.llamarpc.com; Available - Fully synchronized 
2023-01-25; 12:47:45.832; [info]; ethereum; https://eth.getblock.io/2e50183d-4f7d-4bd4-809b-17a61b87fd11/mainnet/; Available - Fully synchronized 
2023-01-25; 12:47:47.600; [info]; ethereum; https://eth.llamarpc.com; Available - Fully synchronized 
2023-01-25; 12:47:52.635; [info]; bitcoin; https://btc.getblock.io/2e50183d-4f7d-4bd4-809b-17a61b87fd11/mainnet/; Available - 0/15 blocks behind, 99.99998878725974% complete 
2023-01-25; 12:47:54.644; [info]; ethereum; https://eth.llamarpc.com; Available - Fully synchronized 
2023-01-25; 12:47:55.986; [info]; ethereum; https://eth.getblock.io/2e50183d-4f7d-4bd4-809b-17a61b87fd11/mainnet/; Available - Fully synchronized 
2023-01-25; 12:47:56.895; [info]; bitcoin; https://btc.getblock.io/2e50183d-4f7d-4bd4-809b-17a61b87fd11/mainnet/; Available - 0/15 blocks behind, 99.99998734045474% complete 
2023-01-25; 12:47:57.686; [info]; ethereum; https://eth.llamarpc.com; Available - Fully synchronized 
2023-01-25; 12:47:58.086; [info]; ethereum; https://eth.getblock.io/2e50183d-4f7d-4bd4-809b-17a61b87fd11/mainnet/; Available - Fully synchronized 
2023-01-25; 12:47:58.096; [info]; bitcoin; https://btc.getblock.io/2e50183d-4f7d-4bd4-809b-17a61b87fd11/mainnet/; Available - 0/15 blocks behind, 99.99998661705224% complete 
2023-01-25; 12:48:02.357; [info]; bitcoin; https://btc.getblock.io/2e50183d-4f7d-4bd4-809b-17a61b87fd11/mainnet/; Available - 0/15 blocks behind, 99.9999851702473% complete 
2023-01-25; 12:48:05.730; [info]; ethereum; https://eth.llamarpc.com; Available - Fully synchronized 
2023-01-25; 12:48:06.244; [info]; ethereum; https://eth.getblock.io/2e50183d-4f7d-4bd4-809b-17a61b87fd11/mainnet/; Available - Fully synchronized 
2023-01-25; 12:48:08.614; [info]; bitcoin; https://btc.getblock.io/2e50183d-4f7d-4bd4-809b-17a61b87fd11/mainnet/; Available - 0/15 blocks behind, 99.99998300003995% complete 
2023-01-25; 12:48:11.774; [info]; ethereum; https://eth.llamarpc.com; Available - Fully synchronized 
2023-01-25; 12:48:12.349; [info]; ethereum; https://eth.getblock.io/2e50183d-4f7d-4bd4-809b-17a61b87fd11/mainnet/; Available - Fully synchronized 
2023-01-25; 12:48:14.828; [info]; bitcoin; https://btc.getblock.io/2e50183d-4f7d-4bd4-809b-17a61b87fd11/mainnet/; Available - 0/15 blocks behind, 99.9999808298327% complete 
2023-01-25; 12:48:18.451; [info]; ethereum; https://eth.getblock.io/2e50183d-4f7d-4bd4-809b-17a61b87fd11/mainnet/; Available - Fully synchronized 
2023-01-25; 12:48:18.814; [info]; ethereum; https://eth.llamarpc.com; Available - Fully synchronized 
2023-01-25; 12:48:19.855; [info]; ethereum; https://eth.llamarpc.com; Available - Fully synchronized 
2023-01-25; 12:48:20.362; [info]; bitcoin; https://btc.getblock.io/2e50183d-4f7d-4bd4-809b-17a61b87fd11/mainnet/; Available - 0/15 blocks behind, 99.99997865962554% complete 
2023-01-25; 12:48:24.554; [info]; ethereum; https://eth.getblock.io/2e50183d-4f7d-4bd4-809b-17a61b87fd11/mainnet/; Available - Fully synchronized 
2023-01-25; 12:48:29.568; [info]; bitcoin; https://btc.getblock.io/2e50183d-4f7d-4bd4-809b-17a61b87fd11/mainnet/; Available - 0/15 blocks behind, 99.99997540431498% complete 
2023-01-25; 12:48:29.655; [info]; ethereum; https://eth.getblock.io/2e50183d-4f7d-4bd4-809b-17a61b87fd11/mainnet/; Available - Fully synchronized 
2023-01-25; 12:48:29.897; [info]; ethereum; https://eth.llamarpc.com; Available - Fully synchronized 
2023-01-25; 12:48:30.758; [info]; ethereum; https://eth.getblock.io/2e50183d-4f7d-4bd4-809b-17a61b87fd11/mainnet/; Available - Fully synchronized 
2023-01-25; 12:48:34.780; [info]; bitcoin; https://btc.getblock.io/2e50183d-4f7d-4bd4-809b-17a61b87fd11/mainnet/; Available - 0/15 blocks behind, 99.99997359580921% complete 
2023-01-25; 12:48:35.987; [info]; bitcoin; https://btc.getblock.io/2e50183d-4f7d-4bd4-809b-17a61b87fd11/mainnet/; Available - 0/15 blocks behind, 99.99997323410807% complete 
2023-01-25; 12:48:38.939; [info]; ethereum; https://eth.llamarpc.com; Available - Fully synchronized 
2023-01-25; 12:48:39.861; [info]; ethereum; https://eth.getblock.io/2e50183d-4f7d-4bd4-809b-17a61b87fd11/mainnet/; Available - Fully synchronized 
2023-01-25; 12:48:42.196; [info]; bitcoin; https://btc.getblock.io/2e50183d-4f7d-4bd4-809b-17a61b87fd11/mainnet/; Available - 0/15 blocks behind, 99.99997070220012% complete 
2023-01-25; 12:48:45.977; [info]; ethereum; https://eth.llamarpc.com; Available - Fully synchronized 
2023-01-25; 12:48:49.019; [info]; ethereum; https://eth.llamarpc.com; Available - Fully synchronized 
2023-01-25; 12:48:49.020; [info]; ethereum; https://eth.getblock.io/2e50183d-4f7d-4bd4-809b-17a61b87fd11/mainnet/; Available - Fully synchronized 
2023-01-25; 12:48:51.607; [info]; bitcoin; https://btc.getblock.io/2e50183d-4f7d-4bd4-809b-17a61b87fd11/mainnet/; Available - 0/15 blocks behind, 99.99996744689007% complete 
2023-01-25; 12:48:52.060; [info]; ethereum; https://eth.llamarpc.com; Available - Fully synchronized 
2023-01-25; 12:48:53.123; [info]; ethereum; https://eth.getblock.io/2e50183d-4f7d-4bd4-809b-17a61b87fd11/mainnet/; Available - Fully synchronized 
2023-01-25; 12:48:54.822; [info]; bitcoin; https://btc.getblock.io/2e50183d-4f7d-4bd4-809b-17a61b87fd11/mainnet/; Available - 0/15 blocks behind, 99.99996636178676% complete 
2023-01-25; 12:49:00.119; [info]; ethereum; https://eth.llamarpc.com; Available - Fully synchronized 
2023-01-25; 12:49:01.019; [info]; bitcoin; https://btc.getblock.io/2e50183d-4f7d-4bd4-809b-17a61b87fd11/mainnet/; Available - 0/15 blocks behind, 99.99996419158023% complete 
2023-01-25; 12:49:01.222; [info]; ethereum; https://eth.getblock.io/2e50183d-4f7d-4bd4-809b-17a61b87fd11/mainnet/; Available - Fully synchronized 
2023-01-25; 12:49:07.271; [info]; bitcoin; https://btc.getblock.io/2e50183d-4f7d-4bd4-809b-17a61b87fd11/mainnet/; Available - 0/15 blocks behind, 99.99996165967275% complete 
2023-01-25; 12:49:08.331; [info]; ethereum; https://eth.getblock.io/2e50183d-4f7d-4bd4-809b-17a61b87fd11/mainnet/; Available - Fully synchronized 
2023-01-25; 12:49:09.182; [info]; ethereum; https://eth.llamarpc.com; Available - Fully synchronized 
2023-01-25; 12:49:14.430; [info]; ethereum; https://eth.getblock.io/2e50183d-4f7d-4bd4-809b-17a61b87fd11/mainnet/; Available - Fully synchronized 
2023-01-25; 12:49:14.535; [info]; bitcoin; https://btc.getblock.io/2e50183d-4f7d-4bd4-809b-17a61b87fd11/mainnet/; Available - 0/15 blocks behind, 99.99995912776538% complete 
2023-01-25; 12:49:15.745; [info]; bitcoin; https://btc.getblock.io/2e50183d-4f7d-4bd4-809b-17a61b87fd11/mainnet/; Available - 0/15 blocks behind, 99.99995876606434% complete 
2023-01-25; 12:49:17.227; [info]; ethereum; https://eth.llamarpc.com; Available - Fully synchronized 
2023-01-25; 12:49:20.605; [info]; ethereum; https://eth.getblock.io/2e50183d-4f7d-4bd4-809b-17a61b87fd11/mainnet/; Available - Fully synchronized 
2023-01-25; 12:49:23.268; [info]; ethereum; https://eth.llamarpc.com; Available - Fully synchronized 
2023-01-25; 12:49:25.941; [info]; bitcoin; https://btc.getblock.io/2e50183d-4f7d-4bd4-809b-17a61b87fd11/mainnet/; Available - 0/15 blocks behind, 99.99995514905406% complete 
2023-01-25; 12:49:26.712; [info]; ethereum; https://eth.getblock.io/2e50183d-4f7d-4bd4-809b-17a61b87fd11/mainnet/; Available - Fully synchronized 
2023-01-25; 12:49:30.167; [info]; bitcoin; https://btc.getblock.io/2e50183d-4f7d-4bd4-809b-17a61b87fd11/mainnet/; Available - 0/15 blocks behind, 99.99995334054901% complete 
2023-01-25; 12:49:31.308; [info]; ethereum; https://eth.llamarpc.com; Available - Fully synchronized 
2023-01-25; 12:49:33.815; [info]; ethereum; https://eth.getblock.io/2e50183d-4f7d-4bd4-809b-17a61b87fd11/mainnet/; Available - Fully synchronized 
2023-01-25; 12:49:36.431; [info]; bitcoin; https://btc.getblock.io/2e50183d-4f7d-4bd4-809b-17a61b87fd11/mainnet/; Available - 0/15 blocks behind, 99.99995117034305% complete 
2023-01-25; 12:49:37.349; [info]; ethereum; https://eth.llamarpc.com; Available - Fully synchronized 
2023-01-25; 12:49:38.713; [info]; bitcoin; https://btc.getblock.io/2e50183d-4f7d-4bd4-809b-17a61b87fd11/mainnet/; Available - 0/15 blocks behind, 99.99995044694109% complete 
2023-01-25; 12:49:38.924; [info]; ethereum; https://eth.getblock.io/2e50183d-4f7d-4bd4-809b-17a61b87fd11/mainnet/; Available - Fully synchronized 
2023-01-25; 12:49:39.394; [info]; ethereum; https://eth.llamarpc.com; Available - Fully synchronized 
2023-01-25; 12:49:40.032; [info]; ethereum; https://eth.getblock.io/2e50183d-4f7d-4bd4-809b-17a61b87fd11/mainnet/; Available - Fully synchronized 
2023-01-25; 12:49:43.138; [info]; ethereum; https://eth.getblock.io/2e50183d-4f7d-4bd4-809b-17a61b87fd11/mainnet/; Available - Fully synchronized 
2023-01-25; 12:49:44.439; [info]; ethereum; https://eth.llamarpc.com; Available - Fully synchronized 
2023-01-25; 12:49:44.932; [info]; bitcoin; https://btc.getblock.io/2e50183d-4f7d-4bd4-809b-17a61b87fd11/mainnet/; Available - 0/15 blocks behind, 99.99994827673524% complete 
2023-01-25; 12:49:46.136; [info]; bitcoin; https://btc.getblock.io/2e50183d-4f7d-4bd4-809b-17a61b87fd11/mainnet/; Available - 0/15 blocks behind, 99.99994755333333% complete 
2023-01-25; 12:49:51.521; [info]; ethereum; https://eth.llamarpc.com; Available - Fully synchronized 
2023-01-25; 12:49:52.245; [info]; ethereum; https://eth.getblock.io/2e50183d-4f7d-4bd4-809b-17a61b87fd11/mainnet/; Available - Fully synchronized 
2023-01-25; 12:49:52.405; [info]; bitcoin; https://btc.getblock.io/2e50183d-4f7d-4bd4-809b-17a61b87fd11/mainnet/; Available - 0/15 blocks behind, 99.99994538312761% complete 
2023-01-25; 12:49:54.803; [info]; bitcoin; https://btc.getblock.io/2e50183d-4f7d-4bd4-809b-17a61b87fd11/mainnet/; Available - 0/15 blocks behind, 99.99994465972574% complete 
2023-01-25; 12:49:55.352; [info]; ethereum; https://eth.getblock.io/2e50183d-4f7d-4bd4-809b-17a61b87fd11/mainnet/; Available - Fully synchronized 
2023-01-25; 12:49:56.468; [info]; ethereum; https://eth.getblock.io/2e50183d-4f7d-4bd4-809b-17a61b87fd11/mainnet/; Available - Fully synchronized 
2023-01-25; 12:49:59.563; [info]; ethereum; https://eth.llamarpc.com; Available - Fully synchronized 
2023-01-25; 12:50:00.575; [info]; ethereum; https://eth.getblock.io/2e50183d-4f7d-4bd4-809b-17a61b87fd11/mainnet/; Available - Fully synchronized 
2023-01-25; 12:50:03.616; [info]; ethereum; https://eth.llamarpc.com; Available - Fully synchronized 
2023-01-25; 12:50:04.659; [info]; ethereum; https://eth.llamarpc.com; Available - Fully synchronized 
2023-01-25; 12:50:05.066; [info]; bitcoin; https://btc.getblock.io/2e50183d-4f7d-4bd4-809b-17a61b87fd11/mainnet/; Available - 0/15 blocks behind, 99.99994104271647% complete 
2023-01-25; 12:50:06.679; [info]; ethereum; https://eth.getblock.io/2e50183d-4f7d-4bd4-809b-17a61b87fd11/mainnet/; Available - Fully synchronized 
2023-01-25; 12:50:08.703; [info]; ethereum; https://eth.llamarpc.com; Available - Fully synchronized 
2023-01-25; 12:50:14.287; [info]; bitcoin; https://btc.getblock.io/2e50183d-4f7d-4bd4-809b-17a61b87fd11/mainnet/; Available - 0/15 blocks behind, 99.99993742570747% complete 
2023-01-25; 12:50:15.746; [info]; ethereum; https://eth.llamarpc.com; Available - Fully synchronized 
2023-01-25; 12:50:16.785; [info]; ethereum; https://eth.llamarpc.com; Available - Fully synchronized 
2023-01-25; 12:50:16.793; [info]; ethereum; https://eth.getblock.io/2e50183d-4f7d-4bd4-809b-17a61b87fd11/mainnet/; Available - Fully synchronized 
2023-01-25; 12:50:17.824; [info]; ethereum; https://eth.llamarpc.com; Available - Fully synchronized 
2023-01-25; 12:50:18.496; [info]; bitcoin; https://btc.getblock.io/2e50183d-4f7d-4bd4-809b-17a61b87fd11/mainnet/; Available - 0/15 blocks behind, 99.99993597890395% complete 
2023-01-25; 12:50:20.902; [info]; ethereum; https://eth.getblock.io/2e50183d-4f7d-4bd4-809b-17a61b87fd11/mainnet/; Available - Fully synchronized 
2023-01-25; 12:50:23.691; [info]; bitcoin; https://btc.getblock.io/2e50183d-4f7d-4bd4-809b-17a61b87fd11/mainnet/; Available - 0/15 blocks behind, 99.9999341703996% complete 
2023-01-25; 12:50:24.868; [info]; ethereum; https://eth.llamarpc.com; Available - Fully synchronized 
2023-01-25; 12:50:27.066; [info]; ethereum; https://eth.getblock.io/2e50183d-4f7d-4bd4-809b-17a61b87fd11/mainnet/; Available - Fully synchronized 
2023-01-25; 12:50:29.168; [info]; ethereum; https://eth.getblock.io/2e50183d-4f7d-4bd4-809b-17a61b87fd11/mainnet/; Available - Fully synchronized 
2023-01-25; 12:50:34.018; [info]; bitcoin; https://btc.getblock.io/2e50183d-4f7d-4bd4-809b-17a61b87fd11/mainnet/; Available - 0/15 blocks behind, 99.99993055339111% complete 
2023-01-25; 12:50:34.930; [info]; ethereum; https://eth.llamarpc.com; Available - Fully synchronized 
2023-01-25; 12:50:38.213; [info]; bitcoin; https://btc.getblock.io/2e50183d-4f7d-4bd4-809b-17a61b87fd11/mainnet/; Available - 0/15 blocks behind, 99.99992874488696% complete 
2023-01-25; 12:50:38.271; [info]; ethereum; https://eth.getblock.io/2e50183d-4f7d-4bd4-809b-17a61b87fd11/mainnet/; Available - Fully synchronized 
2023-01-25; 12:50:39.971; [info]; ethereum; https://eth.llamarpc.com; Available - Fully synchronized 
2023-01-25; 12:50:41.583; [info]; bitcoin; https://btc.getblock.io/2e50183d-4f7d-4bd4-809b-17a61b87fd11/mainnet/; Available - 0/15 blocks behind, 99.99992765978448% complete 
2023-01-25; 12:50:46.374; [info]; ethereum; https://eth.getblock.io/2e50183d-4f7d-4bd4-809b-17a61b87fd11/mainnet/; Available - Fully synchronized 
2023-01-25; 12:50:47.789; [info]; bitcoin; https://btc.getblock.io/2e50183d-4f7d-4bd4-809b-17a61b87fd11/mainnet/; Available - 0/15 blocks behind, 99.99992548957964% complete 
2023-01-25; 12:50:48.011; [info]; ethereum; https://eth.llamarpc.com; Available - Fully synchronized 
2023-01-25; 12:50:50.055; [info]; ethereum; https://eth.llamarpc.com; Available - Fully synchronized 
2023-01-25; 12:50:50.490; [info]; ethereum; https://eth.getblock.io/2e50183d-4f7d-4bd4-809b-17a61b87fd11/mainnet/; Available - Fully synchronized 
2023-01-25; 12:50:52.156; [info]; bitcoin; https://btc.getblock.io/2e50183d-4f7d-4bd4-809b-17a61b87fd11/mainnet/; Available - 0/15 blocks behind, 99.99992368107569% complete 
2023-01-25; 12:50:58.590; [info]; ethereum; https://eth.getblock.io/2e50183d-4f7d-4bd4-809b-17a61b87fd11/mainnet/; Available - Fully synchronized 
2023-01-25; 12:51:00.099; [info]; ethereum; https://eth.llamarpc.com; Available - Fully synchronized 
2023-01-25; 12:51:02.497; [info]; bitcoin; https://btc.getblock.io/2e50183d-4f7d-4bd4-809b-17a61b87fd11/mainnet/; Available - 0/15 blocks behind, 99.99992006406794% complete 
2023-01-25; 12:51:03.697; [info]; ethereum; https://eth.getblock.io/2e50183d-4f7d-4bd4-809b-17a61b87fd11/mainnet/; Available - Fully synchronized 
2023-01-25; 12:51:07.145; [info]; ethereum; https://eth.llamarpc.com; Available - Fully synchronized 
2023-01-25; 12:51:09.773; [info]; bitcoin; https://btc.getblock.io/2e50183d-4f7d-4bd4-809b-17a61b87fd11/mainnet/; Available - 0/15 blocks behind, 99.99991753216267% complete 
2023-01-25; 12:51:10.802; [info]; ethereum; https://eth.getblock.io/2e50183d-4f7d-4bd4-809b-17a61b87fd11/mainnet/; Available - Fully synchronized 
2023-01-25; 12:51:11.188; [info]; ethereum; https://eth.llamarpc.com; Available - Fully synchronized 
2023-01-25; 12:51:12.231; [info]; ethereum; https://eth.llamarpc.com; Available - Fully synchronized 
2023-01-25; 12:51:13.052; [info]; bitcoin; https://btc.getblock.io/2e50183d-4f7d-4bd4-809b-17a61b87fd11/mainnet/; Available - 0/15 blocks behind, 99.99991608535971% complete 
2023-01-25; 12:51:14.271; [info]; bitcoin; https://btc.getblock.io/2e50183d-4f7d-4bd4-809b-17a61b87fd11/mainnet/; Available - 0/15 blocks behind, 99.99991572365899% complete 
2023-01-25; 12:51:18.899; [info]; ethereum; https://eth.getblock.io/2e50183d-4f7d-4bd4-809b-17a61b87fd11/mainnet/; Available - Fully synchronized 
2023-01-25; 12:51:20.267; [info]; ethereum; https://eth.llamarpc.com; Available - Fully synchronized 
2023-01-25; 12:51:21.488; [info]; bitcoin; https://btc.getblock.io/2e50183d-4f7d-4bd4-809b-17a61b87fd11/mainnet/; Available - 0/15 blocks behind, 99.99991319175395% complete 
2023-01-25; 12:51:24.308; [info]; ethereum; https://eth.llamarpc.com; Available - Fully synchronized 
2023-01-25; 12:51:25.755; [info]; bitcoin; https://btc.getblock.io/2e50183d-4f7d-4bd4-809b-17a61b87fd11/mainnet/; Available - 0/15 blocks behind, 99.99991174495113% complete 
2023-01-25; 12:51:26.008; [info]; ethereum; https://eth.getblock.io/2e50183d-4f7d-4bd4-809b-17a61b87fd11/mainnet/; Available - Fully synchronized 
2023-01-25; 12:51:26.961; [info]; bitcoin; https://btc.getblock.io/2e50183d-4f7d-4bd4-809b-17a61b87fd11/mainnet/; Available - 0/15 blocks behind, 99.99991138325043% complete 
2023-01-25; 12:51:27.107; [info]; ethereum; https://eth.getblock.io/2e50183d-4f7d-4bd4-809b-17a61b87fd11/mainnet/; Available - Fully synchronized 
2023-01-25; 12:51:28.346; [info]; ethereum; https://eth.llamarpc.com; Available - Fully synchronized 
2023-01-25; 12:51:32.386; [info]; ethereum; https://eth.llamarpc.com; Available - Fully synchronized 
2023-01-25; 12:51:33.436; [info]; ethereum; https://eth.llamarpc.com; Available - Fully synchronized 
2023-01-25; 12:51:34.223; [info]; ethereum; https://eth.getblock.io/2e50183d-4f7d-4bd4-809b-17a61b87fd11/mainnet/; Available - Fully synchronized 
2023-01-25; 12:51:34.478; [info]; ethereum; https://eth.llamarpc.com; Available - Fully synchronized 
2023-01-25; 12:51:35.323; [info]; ethereum; https://eth.getblock.io/2e50183d-4f7d-4bd4-809b-17a61b87fd11/mainnet/; Available - Fully synchronized 
2023-01-25; 12:51:36.274; [info]; bitcoin; https://btc.getblock.io/2e50183d-4f7d-4bd4-809b-17a61b87fd11/mainnet/; Available - 0/15 blocks behind, 99.99990776624358% complete 
2023-01-25; 12:51:40.516; [info]; ethereum; https://eth.llamarpc.com; Available - Fully synchronized 
2023-01-25; 12:51:42.470; [info]; bitcoin; https://btc.getblock.io/2e50183d-4f7d-4bd4-809b-17a61b87fd11/mainnet/; Available - 0/15 blocks behind, 99.9999055960396% complete 
2023-01-25; 12:51:45.423; [info]; ethereum; https://eth.getblock.io/2e50183d-4f7d-4bd4-809b-17a61b87fd11/mainnet/; Available - Fully synchronized 
2023-01-25; 12:51:45.557; [info]; ethereum; https://eth.llamarpc.com; Available - Fully synchronized 
2023-01-25; 12:51:46.773; [info]; bitcoin; https://btc.getblock.io/2e50183d-4f7d-4bd4-809b-17a61b87fd11/mainnet/; Available - 0/15 blocks behind, 99.99990414923698% complete 
2023-01-25; 12:51:53.527; [info]; ethereum; https://eth.getblock.io/2e50183d-4f7d-4bd4-809b-17a61b87fd11/mainnet/; Available - Fully synchronized 
2023-01-25; 12:51:53.597; [info]; ethereum; https://eth.llamarpc.com; Available - Fully synchronized 
2023-01-25; 12:51:53.979; [info]; bitcoin; https://btc.getblock.io/2e50183d-4f7d-4bd4-809b-17a61b87fd11/mainnet/; Available - 0/15 blocks behind, 99.99990161733253% complete 
2023-01-25; 12:51:55.182; [info]; bitcoin; https://btc.getblock.io/2e50183d-4f7d-4bd4-809b-17a61b87fd11/mainnet/; Available - 0/15 blocks behind, 99.99990089393128% complete 
2023-01-25; 12:51:55.678; [info]; ethereum; https://eth.getblock.io/2e50183d-4f7d-4bd4-809b-17a61b87fd11/mainnet/; Available - Fully synchronized 
2023-01-25; 12:51:56.641; [info]; ethereum; https://eth.llamarpc.com; Available - Fully synchronized 
2023-01-25; 12:51:58.693; [info]; ethereum; https://eth.llamarpc.com; Available - Fully synchronized 
2023-01-25; 12:51:59.734; [info]; ethereum; https://eth.llamarpc.com; Available - Fully synchronized 
2023-01-25; 12:52:02.835; [info]; ethereum; https://eth.getblock.io/2e50183d-4f7d-4bd4-809b-17a61b87fd11/mainnet/; Available - Fully synchronized 
2023-01-25; 12:52:05.388; [info]; bitcoin; https://btc.getblock.io/2e50183d-4f7d-4bd4-809b-17a61b87fd11/mainnet/; Available - 0/15 blocks behind, 99.99989727692518% complete 
2023-01-25; 12:52:06.940; [info]; ethereum; https://eth.getblock.io/2e50183d-4f7d-4bd4-809b-17a61b87fd11/mainnet/; Available - Fully synchronized 
2023-01-25; 12:52:07.777; [info]; ethereum; https://eth.llamarpc.com; Available - Fully synchronized 
2023-01-25; 12:52:08.628; [info]; bitcoin; https://btc.getblock.io/2e50183d-4f7d-4bd4-809b-17a61b87fd11/mainnet/; Available - 0/15 blocks behind, 99.99989619182341% complete 
2023-01-25; 12:52:10.840; [info]; bitcoin; https://btc.getblock.io/2e50183d-4f7d-4bd4-809b-17a61b87fd11/mainnet/; Available - 0/15 blocks behind, 99.99989546842224% complete 
2023-01-25; 12:52:13.053; [info]; ethereum; https://eth.getblock.io/2e50183d-4f7d-4bd4-809b-17a61b87fd11/mainnet/; Available - Fully synchronized 
2023-01-25; 12:52:14.102; [info]; bitcoin; https://btc.getblock.io/2e50183d-4f7d-4bd4-809b-17a61b87fd11/mainnet/; Available - 0/15 blocks behind, 99.99989402161994% complete 
2023-01-25; 12:52:17.818; [info]; ethereum; https://eth.llamarpc.com; Available - Fully synchronized 
2023-01-25; 12:52:20.856; [info]; ethereum; https://eth.llamarpc.com; Available - Fully synchronized 
2023-01-25; 12:52:22.204; [info]; ethereum; https://eth.getblock.io/2e50183d-4f7d-4bd4-809b-17a61b87fd11/mainnet/; Available - Fully synchronized 
2023-01-25; 12:52:24.350; [info]; bitcoin; https://btc.getblock.io/2e50183d-4f7d-4bd4-809b-17a61b87fd11/mainnet/; Available - 0/15 blocks behind, 99.99989040461433% complete 
2023-01-25; 12:52:25.904; [info]; ethereum; https://eth.llamarpc.com; Available - Fully synchronized 
2023-01-25; 12:52:27.301; [info]; ethereum; https://eth.getblock.io/2e50183d-4f7d-4bd4-809b-17a61b87fd11/mainnet/; Available - Fully synchronized 
2023-01-25; 12:52:27.940; [info]; ethereum; https://eth.llamarpc.com; Available - Fully synchronized 
2023-01-25; 12:52:29.398; [info]; ethereum; https://eth.getblock.io/2e50183d-4f7d-4bd4-809b-17a61b87fd11/mainnet/; Available - Fully synchronized 
2023-01-25; 12:52:29.977; [info]; ethereum; https://eth.llamarpc.com; Available - Fully synchronized 
2023-01-25; 12:52:33.551; [info]; bitcoin; https://btc.getblock.io/2e50183d-4f7d-4bd4-809b-17a61b87fd11/mainnet/; Available - 0/15 blocks behind, 99.99988714930953% complete 
2023-01-25; 12:52:35.562; [info]; ethereum; https://eth.getblock.io/2e50183d-4f7d-4bd4-809b-17a61b87fd11/mainnet/; Available - Fully synchronized 
2023-01-25; 12:52:39.026; [info]; ethereum; https://eth.llamarpc.com; Available - Fully synchronized 
2023-01-25; 12:52:43.747; [info]; bitcoin; https://btc.getblock.io/2e50183d-4f7d-4bd4-809b-17a61b87fd11/mainnet/; Available - 0/15 blocks behind, 99.99988353230442% complete 
2023-01-25; 12:52:45.691; [info]; ethereum; https://eth.getblock.io/2e50183d-4f7d-4bd4-809b-17a61b87fd11/mainnet/; Available - Fully synchronized 
2023-01-25; 12:52:46.089; [info]; ethereum; https://eth.llamarpc.com; Available - Fully synchronized 
2023-01-25; 12:52:46.794; [info]; ethereum; https://eth.getblock.io/2e50183d-4f7d-4bd4-809b-17a61b87fd11/mainnet/; Available - Fully synchronized 
2023-01-25; 12:52:49.953; [info]; bitcoin; https://btc.getblock.io/2e50183d-4f7d-4bd4-809b-17a61b87fd11/mainnet/; Available - 0/15 blocks behind, 99.99988136210149% complete 
2023-01-25; 12:52:51.130; [info]; ethereum; https://eth.llamarpc.com; Available - Fully synchronized 
2023-01-25; 12:52:54.897; [info]; ethereum; https://eth.getblock.io/2e50183d-4f7d-4bd4-809b-17a61b87fd11/mainnet/; Available - Fully synchronized 
2023-01-25; 12:52:55.168; [info]; ethereum; https://eth.llamarpc.com; Available - Fully synchronized 
2023-01-25; 12:52:59.159; [info]; bitcoin; https://btc.getblock.io/2e50183d-4f7d-4bd4-809b-17a61b87fd11/mainnet/; Available - 0/15 blocks behind, 99.99987774509681% complete 
2023-01-25; 12:52:59.205; [info]; ethereum; https://eth.llamarpc.com; Available - Fully synchronized 
2023-01-25; 12:53:00.014; [info]; ethereum; https://eth.getblock.io/2e50183d-4f7d-4bd4-809b-17a61b87fd11/mainnet/; Available - Fully synchronized 
2023-01-25; 12:53:04.450; [info]; bitcoin; https://btc.getblock.io/2e50183d-4f7d-4bd4-809b-17a61b87fd11/mainnet/; Available - 0/15 blocks behind, 99.99987593659458% complete 
2023-01-25; 12:53:07.109; [info]; ethereum; https://eth.getblock.io/2e50183d-4f7d-4bd4-809b-17a61b87fd11/mainnet/; Available - Fully synchronized 
2023-01-25; 12:53:07.240; [info]; ethereum; https://eth.llamarpc.com; Available - Fully synchronized 
2023-01-25; 12:53:10.211; [info]; ethereum; https://eth.getblock.io/2e50183d-4f7d-4bd4-809b-17a61b87fd11/mainnet/; Available - Fully synchronized 
2023-01-25; 12:53:11.685; [info]; bitcoin; https://btc.getblock.io/2e50183d-4f7d-4bd4-809b-17a61b87fd11/mainnet/; Available - 0/15 blocks behind, 99.99987340469154% complete 
2023-01-25; 12:53:13.282; [info]; ethereum; https://eth.llamarpc.com; Available - Fully synchronized 
2023-01-25; 12:53:17.313; [info]; ethereum; https://eth.getblock.io/2e50183d-4f7d-4bd4-809b-17a61b87fd11/mainnet/; Available - Fully synchronized 
2023-01-25; 12:53:20.939; [info]; bitcoin; https://btc.getblock.io/2e50183d-4f7d-4bd4-809b-17a61b87fd11/mainnet/; Available - 0/15 blocks behind, 99.99987014938785% complete 
2023-01-25; 12:53:21.412; [info]; ethereum; https://eth.getblock.io/2e50183d-4f7d-4bd4-809b-17a61b87fd11/mainnet/; Available - Fully synchronized 
2023-01-25; 12:53:22.155; [info]; bitcoin; https://btc.getblock.io/2e50183d-4f7d-4bd4-809b-17a61b87fd11/mainnet/; Available - 0/15 blocks behind, 99.99986942598706% complete 
2023-01-25; 12:53:23.326; [info]; ethereum; https://eth.llamarpc.com; Available - Fully synchronized 
2023-01-25; 12:53:28.350; [info]; bitcoin; https://btc.getblock.io/2e50183d-4f7d-4bd4-809b-17a61b87fd11/mainnet/; Available - 0/15 blocks behind, 99.99986725578474% complete 
2023-01-25; 12:53:31.368; [info]; ethereum; https://eth.llamarpc.com; Available - Fully synchronized 
2023-01-25; 12:53:31.518; [info]; ethereum; https://eth.getblock.io/2e50183d-4f7d-4bd4-809b-17a61b87fd11/mainnet/; Available - Fully synchronized 
2023-01-25; 12:53:31.585; [info]; bitcoin; https://btc.getblock.io/2e50183d-4f7d-4bd4-809b-17a61b87fd11/mainnet/; Available - 0/15 blocks behind, 99.9998661706836% complete 
2023-01-25; 12:53:33.799; [info]; bitcoin; https://btc.getblock.io/2e50183d-4f7d-4bd4-809b-17a61b87fd11/mainnet/; Available - 0/15 blocks behind, 99.99986544728287% complete 
2023-01-25; 12:53:34.617; [info]; ethereum; https://eth.getblock.io/2e50183d-4f7d-4bd4-809b-17a61b87fd11/mainnet/; Available - Fully synchronized 
2023-01-25; 12:53:35.410; [info]; ethereum; https://eth.llamarpc.com; Available - Fully synchronized 
2023-01-25; 12:53:38.497; [info]; ethereum; https://eth.llamarpc.com; Available - Fully synchronized 
2023-01-25; 12:53:39.718; [info]; ethereum; https://eth.getblock.io/2e50183d-4f7d-4bd4-809b-17a61b87fd11/mainnet/; Available - Fully synchronized 
2023-01-25; 12:53:40.003; [info]; bitcoin; https://btc.getblock.io/2e50183d-4f7d-4bd4-809b-17a61b87fd11/mainnet/; Available - 0/15 blocks behind, 99.99986327708072% complete 
2023-01-25; 12:53:40.820; [info]; ethereum; https://eth.getblock.io/2e50183d-4f7d-4bd4-809b-17a61b87fd11/mainnet/; Available - Fully synchronized 
2023-01-25; 12:53:43.198; [info]; bitcoin; https://btc.getblock.io/2e50183d-4f7d-4bd4-809b-17a61b87fd11/mainnet/; Available - 0/15 blocks behind, 99.99986183027933% complete 
2023-01-25; 12:53:43.538; [info]; ethereum; https://eth.llamarpc.com; Available - Fully synchronized 
2023-01-25; 12:53:44.579; [info]; ethereum; https://eth.llamarpc.com; Available - Fully synchronized 
2023-01-25; 12:53:45.624; [info]; ethereum; https://eth.llamarpc.com; Available - Fully synchronized 
2023-01-25; 12:53:50.410; [info]; bitcoin; https://btc.getblock.io/2e50183d-4f7d-4bd4-809b-17a61b87fd11/mainnet/; Available - 0/15 blocks behind, 99.99999746809488% complete 
2023-01-25; 12:53:50.932; [info]; ethereum; https://eth.getblock.io/2e50183d-4f7d-4bd4-809b-17a61b87fd11/mainnet/; Available - Fully synchronized 
2023-01-25; 12:53:53.676; [info]; ethereum; https://eth.llamarpc.com; Available - Fully synchronized 
2023-01-25; 12:53:56.648; [info]; bitcoin; https://btc.getblock.io/2e50183d-4f7d-4bd4-809b-17a61b87fd11/mainnet/; Available - 0/15 blocks behind, 99.99999529789058% complete 
2023-01-25; 12:54:00.033; [info]; ethereum; https://eth.getblock.io/2e50183d-4f7d-4bd4-809b-17a61b87fd11/mainnet/; Available - Fully synchronized 
2023-01-25; 12:54:01.719; [info]; ethereum; https://eth.llamarpc.com; Available - Fully synchronized 
2023-01-25; 12:54:05.130; [info]; ethereum; https://eth.getblock.io/2e50183d-4f7d-4bd4-809b-17a61b87fd11/mainnet/; Available - Fully synchronized 
2023-01-25; 12:54:05.854; [info]; bitcoin; https://btc.getblock.io/2e50183d-4f7d-4bd4-809b-17a61b87fd11/mainnet/; Available - 0/15 blocks behind, 99.9999920425843% complete 
2023-01-25; 12:54:11.761; [info]; ethereum; https://eth.llamarpc.com; Available - Fully synchronized 
2023-01-25; 12:54:13.237; [info]; ethereum; https://eth.getblock.io/2e50183d-4f7d-4bd4-809b-17a61b87fd11/mainnet/; Available - Fully synchronized 
2023-01-25; 12:54:15.054; [info]; bitcoin; https://btc.getblock.io/2e50183d-4f7d-4bd4-809b-17a61b87fd11/mainnet/; Available - 0/15 blocks behind, 99.99998842557757% complete 
2023-01-25; 12:54:19.803; [info]; ethereum; https://eth.llamarpc.com; Available - Fully synchronized 
2023-01-25; 12:54:21.334; [info]; ethereum; https://eth.getblock.io/2e50183d-4f7d-4bd4-809b-17a61b87fd11/mainnet/; Available - Fully synchronized 
2023-01-25; 12:54:23.301; [info]; bitcoin; https://btc.getblock.io/2e50183d-4f7d-4bd4-809b-17a61b87fd11/mainnet/; Available - 0/15 blocks behind, 99.99998553197238% complete 
2023-01-25; 12:54:26.556; [info]; bitcoin; https://btc.getblock.io/2e50183d-4f7d-4bd4-809b-17a61b87fd11/mainnet/; Available - 0/15 blocks behind, 99.99998444687049% complete 
2023-01-25; 12:54:27.839; [info]; ethereum; https://eth.llamarpc.com; Available - Fully synchronized 
2023-01-25; 12:54:31.430; [info]; ethereum; https://eth.getblock.io/2e50183d-4f7d-4bd4-809b-17a61b87fd11/mainnet/; Available - Fully synchronized 
2023-01-25; 12:54:32.881; [info]; ethereum; https://eth.llamarpc.com; Available - Fully synchronized 
2023-01-25; 12:54:33.542; [info]; ethereum; https://eth.getblock.io/2e50183d-4f7d-4bd4-809b-17a61b87fd11/mainnet/; Available - Fully synchronized 
2023-01-25; 12:54:33.931; [info]; ethereum; https://eth.llamarpc.com; Available - Fully synchronized 
2023-01-25; 12:54:35.862; [info]; bitcoin; https://btc.getblock.io/2e50183d-4f7d-4bd4-809b-17a61b87fd11/mainnet/; Available - 0/15 blocks behind, 99.99998119156491% complete 
2023-01-25; 12:54:37.118; [info]; bitcoin; https://btc.getblock.io/2e50183d-4f7d-4bd4-809b-17a61b87fd11/mainnet/; Available - 0/15 blocks behind, 99.99998046816371% complete 
2023-01-25; 12:54:37.642; [info]; ethereum; https://eth.getblock.io/2e50183d-4f7d-4bd4-809b-17a61b87fd11/mainnet/; Available - Fully synchronized 
2023-01-25; 12:54:38.973; [info]; ethereum; https://eth.llamarpc.com; Available - Fully synchronized 
2023-01-25; 12:54:39.811; [info]; ethereum; https://eth.getblock.io/2e50183d-4f7d-4bd4-809b-17a61b87fd11/mainnet/; Available - Fully synchronized 
2023-01-25; 12:54:42.336; [info]; bitcoin; https://btc.getblock.io/2e50183d-4f7d-4bd4-809b-17a61b87fd11/mainnet/; Available - 0/15 blocks behind, 99.99997865966073% complete 
2023-01-25; 12:54:48.910; [info]; ethereum; https://eth.getblock.io/2e50183d-4f7d-4bd4-809b-17a61b87fd11/mainnet/; Available - Fully synchronized 
2023-01-25; 12:54:49.024; [info]; ethereum; https://eth.llamarpc.com; Available - Fully synchronized 
2023-01-25; 12:54:49.546; [info]; bitcoin; https://btc.getblock.io/2e50183d-4f7d-4bd4-809b-17a61b87fd11/mainnet/; Available - 0/15 blocks behind, 99.99997612775667% complete 
2023-01-25; 12:54:52.067; [info]; ethereum; https://eth.llamarpc.com; Available - Fully synchronized 
